<?xml version="1.0" encoding="UTF-8"?>
<!-- Generated by org.testng.reporters.JUnitXMLReporter -->
<testsuite hostname="MSI" ignored="0" name="Framework Test" tests="3" failures="0" timestamp="2022-01-07T18:22:22 IST" time="123.593" errors="0">
  <testcase name="totalValidation" time="42.716" classname="appiumframework.fameworkdev.SumOfProducts"/>
  <testcase name="timeSetting" time="38.976" classname="appiumframework.fameworkdev.SetDate"/>
  <testcase name="timeSetting" time="38.864" classname="appiumframework.fameworkdev.SetDate"/>
</testsuite> <!-- Framework Test -->
