<?xml version="1.0" encoding="UTF-8"?>
<testsuite xmlns:xsi="http://www.w3.org/2001/XMLSchema-instance" xsi:noNamespaceSchemaLocation="https://maven.apache.org/surefire/maven-surefire-plugin/xsd/surefire-test-report-3.0.xsd" version="3.0" name="TestSuite" time="124.107" tests="3" errors="0" skipped="0" failures="0">
  <properties>
[...]
</properties>
  <testcase name="totalValidation[Shoes](1)" classname="appiumframework.fameworkdev.SumOfProducts" time="42.721">
    <system-out><![CDATA[&amp#27;[35m[Appium]&amp#27;[39m Welcome to Appium v1.22.1
&amp#27;[35m[Appium]&amp#27;[39m Appium REST http interface listener started on 0.0.0.0:4723
&amp#27;[35m[HTTP]&amp#27;[39m &amp#27;[37m-->&amp#27;[39m &amp#27;[37mGET&amp#27;[39m &amp#27;[37m/wd/hub/status&amp#27;[39m
&amp#27;[35m[HTTP]&amp#27;[39m &amp#27;[90m{}&amp#27;[39m
[debug] &amp#27;[35m[GENERIC]&amp#27;[39m Calling AppiumDriver.getStatus() with args: []
[debug] &amp#27;[35m[GENERIC]&amp#27;[39m Responding to client with driver.getStatus() result: {"build":{"version":"1.22.1"}}
&amp#27;[35m[HTTP]&amp#27;[39m &amp#27;[37m<-- GET /wd/hub/status &amp#27;[39m&amp#27;[32m200&amp#27;[39m &amp#27;[90m4 ms - 68&amp#27;[39m
&amp#27;[35m[HTTP]&amp#27;[39m &amp#27;[90m&amp#27;[39m
[debug] &amp#27;[35m[HTTP]&amp#27;[39m Request idempotency key: 86be56da-cff6-4a8b-93ee-15c61c46e84e
&amp#27;[35m[HTTP]&amp#27;[39m &amp#27;[37m-->&amp#27;[39m &amp#27;[37mPOST&amp#27;[39m &amp#27;[37m/wd/hub/session&amp#27;[39m
&amp#27;[35m[HTTP]&amp#27;[39m &amp#27;[90m{"desiredCapabilities":{"app":"C:\\Users\\joelv\\eclipse-workspace\\fameworkdev\\src\\General-Store.apk","automationName":"uiautomator2","appium:chromeOptions":{"w3c":false},"platformName":"Android","deviceName":"emulator1","avd":"emulator1"},"capabilities":{"firstMatch":[{"appium:app":"C:\\Users\\joelv\\eclipse-workspace\\fameworkdev\\src\\General-Store.apk","appium:chromeOptions":{"w3c":false},"appium:automationName":"uiautomator2","appium:avd":"emulator1","appium:deviceName":"emulator1","platformName":"android"}]}}&amp#27;[39m
[debug] &amp#27;[35m[W3C]&amp#27;[39m Calling AppiumDriver.createSession() with args: [{"app":"C:\\Users\\joelv\\eclipse-workspace\\fameworkdev\\src\\General-Store.apk","automationName":"uiautomator2","appium:chromeOptions":{"w3c":false},"platformName":"Android","deviceName":"emulator1","avd":"emulator1"},null,{"firstMatch":[{"appium:app":"C:\\Users\\joelv\\eclipse-workspace\\fameworkdev\\src\\General-Store.apk","appium:chromeOptions":{"w3c":false},"appium:automationName":"uiautomator2","appium:avd":"emulator1","appium:deviceName":"emulator1","platformName":"android"}]}]
[debug] &amp#27;[35m[BaseDriver]&amp#27;[39m Event 'newSessionRequested' logged at 1641559832082 (18:20:32 GMT+0530 (India Standard Time))
&amp#27;[35m[Appium]&amp#27;[39m Appium v1.22.1 creating new AndroidUiautomator2Driver (v1.70.1) session
[debug] &amp#27;[35m[BaseDriver]&amp#27;[39m W3C capabilities and MJSONWP desired capabilities were provided
[debug] &amp#27;[35m[BaseDriver]&amp#27;[39m Creating session with W3C capabilities: {
[debug] &amp#27;[35m[BaseDriver]&amp#27;[39m   "alwaysMatch": {
[debug] &amp#27;[35m[BaseDriver]&amp#27;[39m     "platformName": "android",
[debug] &amp#27;[35m[BaseDriver]&amp#27;[39m     "appium:app": "C:\\Users\\joelv\\eclipse-workspace\\fameworkdev\\src\\General-Store.apk",
[debug] &amp#27;[35m[BaseDriver]&amp#27;[39m     "appium:chromeOptions": {
[debug] &amp#27;[35m[BaseDriver]&amp#27;[39m       "w3c": false
[debug] &amp#27;[35m[BaseDriver]&amp#27;[39m     },
[debug] &amp#27;[35m[BaseDriver]&amp#27;[39m     "appium:automationName": "uiautomator2",
[debug] &amp#27;[35m[BaseDriver]&amp#27;[39m     "appium:avd": "emulator1",
[debug] &amp#27;[35m[BaseDriver]&amp#27;[39m     "appium:deviceName": "emulator1"
[debug] &amp#27;[35m[BaseDriver]&amp#27;[39m   },
[debug] &amp#27;[35m[BaseDriver]&amp#27;[39m   "firstMatch": [
[debug] &amp#27;[35m[BaseDriver]&amp#27;[39m     {}
[debug] &amp#27;[35m[BaseDriver]&amp#27;[39m   ]
[debug] &amp#27;[35m[BaseDriver]&amp#27;[39m }
&amp#27;[35m[BaseDriver]&amp#27;[39m Session created with session id: a8edf639-30c6-465c-ae5e-5305ad32fd50
&amp#27;[35m[BaseDriver]&amp#27;[39m Using local app 'C:\Users\joelv\eclipse-workspace\fameworkdev\src\General-Store.apk'
[debug] &amp#27;[35m[UiAutomator2]&amp#27;[39m Checking whether app is actually present
&amp#27;[35m[ADB]&amp#27;[39m Found 1 'build-tools' folders under 'C:\Users\joelv\AppData\Local\Android\Sdk' (newest first):
&amp#27;[35m[ADB]&amp#27;[39m     C:/Users/joelv/AppData/Local/Android/Sdk/build-tools/32.0.0
&amp#27;[35m[ADB]&amp#27;[39m Using 'adb.exe' from 'C:\Users\joelv\AppData\Local\Android\Sdk\platform-tools\adb.exe'
[debug] &amp#27;[35m[ADB]&amp#27;[39m Running 'C:\Users\joelv\AppData\Local\Android\Sdk\platform-tools\adb.exe -P 5037 start-server'
[debug] &amp#27;[35m[ADB]&amp#27;[39m Trying to find 'emulator1' emulator
[debug] &amp#27;[35m[ADB]&amp#27;[39m Getting connected emulators
[debug] &amp#27;[35m[ADB]&amp#27;[39m Getting connected devices
[debug] &amp#27;[35m[ADB]&amp#27;[39m No connected devices have been detected
[debug] &amp#27;[35m[ADB]&amp#27;[39m 0 emulators connected
[debug] &amp#27;[35m[ADB]&amp#27;[39m Emulator 'emulator1' not running
[debug] &amp#27;[35m[ADB]&amp#27;[39m Launching Emulator with AVD emulator1, launchTimeout 60000ms and readyTimeout 60000ms
&amp#27;[35m[ADB]&amp#27;[39m Using 'emulator.exe' from 'C:\Users\joelv\AppData\Local\Android\Sdk\emulator\emulator.exe'
[debug] &amp#27;[35m[ADB]&amp#27;[39m Running 'C:\Users\joelv\AppData\Local\Android\Sdk\emulator\emulator.exe' with args: -avd emulator1 -delay-adb
[debug] &amp#27;[35m[ADB]&amp#27;[39m Trying to find 'emulator1' emulator
[debug] &amp#27;[35m[ADB]&amp#27;[39m Getting connected emulators
[debug] &amp#27;[35m[ADB]&amp#27;[39m Getting connected devices
[debug] &amp#27;[35m[ADB]&amp#27;[39m No connected devices have been detected
[debug] &amp#27;[35m[ADB]&amp#27;[39m 0 emulators connected
[debug] &amp#27;[35m[ADB]&amp#27;[39m Emulator 'emulator1' not running
&amp#27;[35m[ADB]&amp#27;[39m [AVD OUTPUT] WARNING | unexpected system image feature string, emulator might not function correctly, please try updating the emulator.
[debug] &amp#27;[35m[ADB]&amp#27;[39m Trying to find 'emulator1' emulator
[debug] &amp#27;[35m[ADB]&amp#27;[39m Getting connected emulators
[debug] &amp#27;[35m[ADB]&amp#27;[39m Getting connected devices
[debug] &amp#27;[35m[ADB]&amp#27;[39m No connected devices have been detected
[debug] &amp#27;[35m[ADB]&amp#27;[39m 0 emulators connected
[debug] &amp#27;[35m[ADB]&amp#27;[39m Emulator 'emulator1' not running
&amp#27;[35m[ADB]&amp#27;[39m [AVD OUTPUT] ERROR   | Failed to open /qemu.conf, err: 2
&amp#27;[35m[ADB]&amp#27;[39m [AVD OUTPUT] INFO    | added library vulkan-1.dll
&amp#27;[35m[ADB]&amp#27;[39m [AVD OUTPUT] INFO    | configAndStartRenderer: setting vsync to 60 hz
&amp#27;[35m[ADB]&amp#27;[39m [AVD OUTPUT] HAX is working and emulator runs in fast virt mode.
[debug] &amp#27;[35m[ADB]&amp#27;[39m Trying to find 'emulator1' emulator
[debug] &amp#27;[35m[ADB]&amp#27;[39m Getting connected emulators
[debug] &amp#27;[35m[ADB]&amp#27;[39m Getting connected devices
[debug] &amp#27;[35m[ADB]&amp#27;[39m No connected devices have been detected
[debug] &amp#27;[35m[ADB]&amp#27;[39m 0 emulators connected
[debug] &amp#27;[35m[ADB]&amp#27;[39m Emulator 'emulator1' not running
&amp#27;[35m[ADB]&amp#27;[39m [AVD OUTPUT] INFO    | Started GRPC server at 127.0.0.1:8554, security: Local
&amp#27;[35m[ADB]&amp#27;[39m [AVD OUTPUT] INFO    | Advertising in: C:\Users\joelv\AppData\Local\Temp\avd\running\pid_21460.ini
[debug] &amp#27;[35m[ADB]&amp#27;[39m Trying to find 'emulator1' emulator
[debug] &amp#27;[35m[ADB]&amp#27;[39m Getting connected emulators
[debug] &amp#27;[35m[ADB]&amp#27;[39m Getting connected devices
[debug] &amp#27;[35m[ADB]&amp#27;[39m No connected devices have been detected
[debug] &amp#27;[35m[ADB]&amp#27;[39m 0 emulators connected
[debug] &amp#27;[35m[ADB]&amp#27;[39m Emulator 'emulator1' not running
[debug] &amp#27;[35m[ADB]&amp#27;[39m Trying to find 'emulator1' emulator
[debug] &amp#27;[35m[ADB]&amp#27;[39m Getting connected emulators
[debug] &amp#27;[35m[ADB]&amp#27;[39m Getting connected devices
[debug] &amp#27;[35m[ADB]&amp#27;[39m Connected devices: [{"udid":"emulator-5554","state":"device"}]
[debug] &amp#27;[35m[ADB]&amp#27;[39m 1 emulator connected
[debug] &amp#27;[35m[ADB]&amp#27;[39m Overriding C:\Users\joelv\.emulator_console_auth_token with an empty string to avoid telnet authentication for emulator commands
[debug] &amp#27;[35m[ADB]&amp#27;[39m Executing Emulator console command: avd name
[debug] &amp#27;[35m[ADB]&amp#27;[39m Found emulator 'emulator1' on port 5554
[debug] &amp#27;[35m[ADB]&amp#27;[39m Setting device id to emulator-5554
[debug] &amp#27;[35m[ADB]&amp#27;[39m Running 'C:\Users\joelv\AppData\Local\Android\Sdk\platform-tools\adb.exe -P 5037 -s emulator-5554 wait-for-device'
&amp#27;[35m[AndroidDriver]&amp#27;[39m Using device: emulator-5554
&amp#27;[35m[ADB]&amp#27;[39m Using 'adb.exe' from 'C:\Users\joelv\AppData\Local\Android\Sdk\platform-tools\adb.exe'
[debug] &amp#27;[35m[ADB]&amp#27;[39m Running 'C:\Users\joelv\AppData\Local\Android\Sdk\platform-tools\adb.exe -P 5037 start-server'
[debug] &amp#27;[35m[ADB]&amp#27;[39m Setting device id to emulator-5554
[debug] &amp#27;[35m[ADB]&amp#27;[39m Running 'C:\Users\joelv\AppData\Local\Android\Sdk\platform-tools\adb.exe -P 5037 -s emulator-5554 shell getprop ro.build.version.sdk'
[debug] &amp#27;[35m[ADB]&amp#27;[39m Current device property 'ro.build.version.sdk': 30
&amp#27;[35m[ADB]&amp#27;[39m Getting device platform version
[debug] &amp#27;[35m[ADB]&amp#27;[39m Running 'C:\Users\joelv\AppData\Local\Android\Sdk\platform-tools\adb.exe -P 5037 -s emulator-5554 shell getprop ro.build.version.release'
[debug] &amp#27;[35m[ADB]&amp#27;[39m Current device property 'ro.build.version.release': 11
[debug] &amp#27;[35m[ADB]&amp#27;[39m Device API level: 30
&amp#27;[35m[UiAutomator2]&amp#27;[39m Relaxing hidden api policy
[debug] &amp#27;[35m[ADB]&amp#27;[39m Running 'C:\Users\joelv\AppData\Local\Android\Sdk\platform-tools\adb.exe -P 5037 -s emulator-5554 shell 'settings put global hidden_api_policy_pre_p_apps 1;settings put global hidden_api_policy_p_apps 1;settings put global hidden_api_policy 1''
[debug] &amp#27;[35m[AndroidDriver]&amp#27;[39m Parsing package and activity from app manifest
&amp#27;[35m[ADB]&amp#27;[39m Package name: 'com.androidsample.generalstore'
&amp#27;[35m[ADB]&amp#27;[39m Main activity name: 'com.androidsample.generalstore.SplashActivity'
[debug] &amp#27;[35m[AndroidDriver]&amp#27;[39m Parsed package and activity are: com.androidsample.generalstore/com.androidsample.generalstore.SplashActivity
[debug] &amp#27;[35m[ADB]&amp#27;[39m Running 'C:\Users\joelv\AppData\Local\Android\Sdk\platform-tools\adb.exe -P 5037 -s emulator-5554 wait-for-device'
[debug] &amp#27;[35m[ADB]&amp#27;[39m Running 'C:\Users\joelv\AppData\Local\Android\Sdk\platform-tools\adb.exe -P 5037 -s emulator-5554 shell echo ping'
[debug] &amp#27;[35m[AndroidDriver]&amp#27;[39m Pushing settings apk to device...
[debug] &amp#27;[35m[ADB]&amp#27;[39m Getting install status for io.appium.settings
[debug] &amp#27;[35m[ADB]&amp#27;[39m Running 'C:\Users\joelv\AppData\Local\Android\Sdk\platform-tools\adb.exe -P 5037 -s emulator-5554 shell dumpsys package io.appium.settings'
[debug] &amp#27;[35m[ADB]&amp#27;[39m 'io.appium.settings' is installed
[debug] &amp#27;[35m[ADB]&amp#27;[39m Getting package info for 'io.appium.settings'
[debug] &amp#27;[35m[ADB]&amp#27;[39m Running 'C:\Users\joelv\AppData\Local\Android\Sdk\platform-tools\adb.exe -P 5037 -s emulator-5554 shell dumpsys package io.appium.settings'
[debug] &amp#27;[35m[ADB]&amp#27;[39m The version name of the installed 'io.appium.settings' is greater or equal to the application version name ('3.4.0' >= '3.4.0')
[debug] &amp#27;[35m[ADB]&amp#27;[39m There is no need to install/upgrade 'C:\Users\joelv\AppData\Roaming\npm\node_modules\appium\node_modules\io.appium.settings\apks\settings_apk-debug.apk'
[debug] &amp#27;[35m[ADB]&amp#27;[39m Getting IDs of all 'io.appium.settings' processes
[debug] &amp#27;[35m[ADB]&amp#27;[39m Running 'C:\Users\joelv\AppData\Local\Android\Sdk\platform-tools\adb.exe -P 5037 -s emulator-5554 shell 'pgrep --help; echo $?''
[debug] &amp#27;[35m[ADB]&amp#27;[39m Running 'C:\Users\joelv\AppData\Local\Android\Sdk\platform-tools\adb.exe -P 5037 -s emulator-5554 shell pgrep -f \(\[\[:blank:\]\]\|\^\)io\.appium\.settings\(\[\[:blank:\]\]\|\$\)'
[debug] &amp#27;[35m[AndroidDriver]&amp#27;[39m io.appium.settings is already running. There is no need to reset its permissions.
[debug] &amp#27;[35m[Logcat]&amp#27;[39m Starting logs capture with command: C:\\Users\\joelv\\AppData\\Local\\Android\\Sdk\\platform-tools\\adb.exe -P 5037 -s emulator-5554 logcat -v threadtime
[debug] &amp#27;[35m[UiAutomator2]&amp#27;[39m Forwarding UiAutomator2 Server port 6790 to local port 8200
[debug] &amp#27;[35m[ADB]&amp#27;[39m Forwarding system: 8200 to device: 6790
[debug] &amp#27;[35m[ADB]&amp#27;[39m Running 'C:\Users\joelv\AppData\Local\Android\Sdk\platform-tools\adb.exe -P 5037 -s emulator-5554 forward tcp:8200 tcp:6790'
[debug] &amp#27;[35m[ADB]&amp#27;[39m Getting install status for io.appium.uiautomator2.server
[debug] &amp#27;[35m[ADB]&amp#27;[39m Running 'C:\Users\joelv\AppData\Local\Android\Sdk\platform-tools\adb.exe -P 5037 -s emulator-5554 shell dumpsys package io.appium.uiautomator2.server'
[debug] &amp#27;[35m[ADB]&amp#27;[39m 'io.appium.uiautomator2.server' is installed
[debug] &amp#27;[35m[ADB]&amp#27;[39m Getting package info for 'io.appium.uiautomator2.server'
[debug] &amp#27;[35m[ADB]&amp#27;[39m Running 'C:\Users\joelv\AppData\Local\Android\Sdk\platform-tools\adb.exe -P 5037 -s emulator-5554 shell dumpsys package io.appium.uiautomator2.server'
[debug] &amp#27;[35m[ADB]&amp#27;[39m The version name of the installed 'io.appium.uiautomator2.server' is greater or equal to the application version name ('4.27.0' >= '4.27.0')
[debug] &amp#27;[35m[UiAutomator2]&amp#27;[39m io.appium.uiautomator2.server installation state: sameVersionInstalled
[debug] &amp#27;[35m[ADB]&amp#27;[39m Checking app cert for C:\Users\joelv\AppData\Roaming\npm\node_modules\appium\node_modules\appium-uiautomator2-server\apks\appium-uiautomator2-server-v4.27.0.apk
&amp#27;[35m[ADB]&amp#27;[39m Using 'apksigner.jar' from 'C:\Users\joelv\AppData\Local\Android\Sdk\build-tools\32.0.0\lib\apksigner.jar'
[debug] &amp#27;[35m[ADB]&amp#27;[39m Starting apksigner: 'C:\\Program Files\\Java\\jdk1.8.0_311\\bin\\java.exe' -Xmx1024M -Xss1m -jar C:\\Users\\joelv\\AppData\\Local\\Android\\Sdk\\build-tools\\32.0.0\\lib\\apksigner.jar verify --print-certs C:\\Users\\joelv\\AppData\\Roaming\\npm\\node_modules\\appium\\node_modules\\appium-uiautomator2-server\\apks\\appium-uiautomator2-server-v4.27.0.apk
[debug] &amp#27;[35m[ADB]&amp#27;[39m apksigner stdout: Signer #1 certificate DN: EMAILADDRESS=android@android.com, CN=Android, OU=Android, O=Android, L=Mountain View, ST=California, C=US
[debug] &amp#27;[35m[ADB]&amp#27;[39m Signer #1 certificate SHA-256 digest: a40da80a59d170caa950cf15c18c454d47a39b26989d8b640ecd745ba71bf5dc
[debug] &amp#27;[35m[ADB]&amp#27;[39m Signer #1 certificate SHA-1 digest: 61ed377e85d386a8dfee6b864bd85b0bfaa5af81
[debug] &amp#27;[35m[ADB]&amp#27;[39m Signer #1 certificate MD5 digest: e89b158e4bcf988ebd09eb83f5378e87
[debug] &amp#27;[35m[ADB]&amp#27;[39m 
[debug] &amp#27;[35m[ADB]&amp#27;[39m sha256 hash did match for 'appium-uiautomator2-server-v4.27.0.apk'
&amp#27;[35m[ADB]&amp#27;[39m 'C:\Users\joelv\AppData\Roaming\npm\node_modules\appium\node_modules\appium-uiautomator2-server\apks\appium-uiautomator2-server-v4.27.0.apk' is signed with the default certificate
[debug] &amp#27;[35m[ADB]&amp#27;[39m Getting install status for io.appium.uiautomator2.server.test
[debug] &amp#27;[35m[ADB]&amp#27;[39m Running 'C:\Users\joelv\AppData\Local\Android\Sdk\platform-tools\adb.exe -P 5037 -s emulator-5554 shell dumpsys package io.appium.uiautomator2.server.test'
[debug] &amp#27;[35m[ADB]&amp#27;[39m 'io.appium.uiautomator2.server.test' is installed
[debug] &amp#27;[35m[ADB]&amp#27;[39m Checking app cert for C:\Users\joelv\AppData\Roaming\npm\node_modules\appium\node_modules\appium-uiautomator2-server\apks\appium-uiautomator2-server-debug-androidTest.apk
[debug] &amp#27;[35m[ADB]&amp#27;[39m Starting apksigner: 'C:\\Program Files\\Java\\jdk1.8.0_311\\bin\\java.exe' -Xmx1024M -Xss1m -jar C:\\Users\\joelv\\AppData\\Local\\Android\\Sdk\\build-tools\\32.0.0\\lib\\apksigner.jar verify --print-certs C:\\Users\\joelv\\AppData\\Roaming\\npm\\node_modules\\appium\\node_modules\\appium-uiautomator2-server\\apks\\appium-uiautomator2-server-debug-androidTest.apk
[debug] &amp#27;[35m[ADB]&amp#27;[39m apksigner stdout: Signer #1 certificate DN: EMAILADDRESS=android@android.com, CN=Android, OU=Android, O=Android, L=Mountain View, ST=California, C=US
[debug] &amp#27;[35m[ADB]&amp#27;[39m Signer #1 certificate SHA-256 digest: a40da80a59d170caa950cf15c18c454d47a39b26989d8b640ecd745ba71bf5dc
[debug] &amp#27;[35m[ADB]&amp#27;[39m Signer #1 certificate SHA-1 digest: 61ed377e85d386a8dfee6b864bd85b0bfaa5af81
[debug] &amp#27;[35m[ADB]&amp#27;[39m Signer #1 certificate MD5 digest: e89b158e4bcf988ebd09eb83f5378e87
[debug] &amp#27;[35m[ADB]&amp#27;[39m 
[debug] &amp#27;[35m[ADB]&amp#27;[39m sha256 hash did match for 'appium-uiautomator2-server-debug-androidTest.apk'
&amp#27;[35m[ADB]&amp#27;[39m 'C:\Users\joelv\AppData\Roaming\npm\node_modules\appium\node_modules\appium-uiautomator2-server\apks\appium-uiautomator2-server-debug-androidTest.apk' is signed with the default certificate
&amp#27;[35m[UiAutomator2]&amp#27;[39m Server packages are not going to be (re)installed
[debug] &amp#27;[35m[UiAutomator2]&amp#27;[39m Waiting up to 30000ms for services to be available
[debug] &amp#27;[35m[ADB]&amp#27;[39m Running 'C:\Users\joelv\AppData\Local\Android\Sdk\platform-tools\adb.exe -P 5037 -s emulator-5554 shell pm list instrumentation'
[debug] &amp#27;[35m[UiAutomator2]&amp#27;[39m Instrumentation target 'io.appium.uiautomator2.server.test/androidx.test.runner.AndroidJUnitRunner' is available
&amp#27;[35m[ADB]&amp#27;[39m Adding packages ["io.appium.settings","io.appium.uiautomator2.server","io.appium.uiautomator2.server.test"] to Doze whitelist
[debug] &amp#27;[35m[ADB]&amp#27;[39m Got the following command chunks to execute: [["dumpsys","deviceidle","whitelist","+io.appium.settings",";","dumpsys","deviceidle","whitelist","+io.appium.uiautomator2.server",";","dumpsys","deviceidle","whitelist","+io.appium.uiautomator2.server.test",";"]]
[debug] &amp#27;[35m[ADB]&amp#27;[39m Running 'C:\Users\joelv\AppData\Local\Android\Sdk\platform-tools\adb.exe -P 5037 -s emulator-5554 shell dumpsys deviceidle whitelist +io.appium.settings ; dumpsys deviceidle whitelist +io.appium.uiautomator2.server ; dumpsys deviceidle whitelist +io.appium.uiautomator2.server.test ;'
[debug] &amp#27;[35m[ADB]&amp#27;[39m Checking app cert for C:\Users\joelv\eclipse-workspace\fameworkdev\src\General-Store.apk
[debug] &amp#27;[35m[ADB]&amp#27;[39m Starting apksigner: 'C:\\Program Files\\Java\\jdk1.8.0_311\\bin\\java.exe' -Xmx1024M -Xss1m -jar C:\\Users\\joelv\\AppData\\Local\\Android\\Sdk\\build-tools\\32.0.0\\lib\\apksigner.jar verify --print-certs C:\\Users\\joelv\\eclipse-workspace\\fameworkdev\\src\\General-Store.apk
[debug] &amp#27;[35m[ADB]&amp#27;[39m apksigner stdout: Signer #1 certificate DN: EMAILADDRESS=android@android.com, CN=Android, OU=Android, O=Android, L=Mountain View, ST=California, C=US
[debug] &amp#27;[35m[ADB]&amp#27;[39m Signer #1 certificate SHA-256 digest: a40da80a59d170caa950cf15c18c454d47a39b26989d8b640ecd745ba71bf5dc
[debug] &amp#27;[35m[ADB]&amp#27;[39m Signer #1 certificate SHA-1 digest: 61ed377e85d386a8dfee6b864bd85b0bfaa5af81
[debug] &amp#27;[35m[ADB]&amp#27;[39m Signer #1 certificate MD5 digest: e89b158e4bcf988ebd09eb83f5378e87
[debug] &amp#27;[35m[ADB]&amp#27;[39m 
[debug] &amp#27;[35m[ADB]&amp#27;[39m sha256 hash did match for 'General-Store.apk'
&amp#27;[35m[ADB]&amp#27;[39m 'C:\Users\joelv\eclipse-workspace\fameworkdev\src\General-Store.apk' is signed with the default certificate
[debug] &amp#27;[35m[ADB]&amp#27;[39m Getting install status for com.androidsample.generalstore
[debug] &amp#27;[35m[ADB]&amp#27;[39m Running 'C:\Users\joelv\AppData\Local\Android\Sdk\platform-tools\adb.exe -P 5037 -s emulator-5554 shell dumpsys package com.androidsample.generalstore'
[debug] &amp#27;[35m[ADB]&amp#27;[39m 'com.androidsample.generalstore' is installed
[debug] &amp#27;[35m[ADB]&amp#27;[39m Getting package info for 'com.androidsample.generalstore'
[debug] &amp#27;[35m[ADB]&amp#27;[39m Running 'C:\Users\joelv\AppData\Local\Android\Sdk\platform-tools\adb.exe -P 5037 -s emulator-5554 shell dumpsys package com.androidsample.generalstore'
[debug] &amp#27;[35m[ADB]&amp#27;[39m The version name of the installed 'com.androidsample.generalstore' is greater or equal to the application version name ('1.0.0' >= '1.0.0')
[debug] &amp#27;[35m[ADB]&amp#27;[39m There is no need to install/upgrade 'C:\Users\joelv\eclipse-workspace\fameworkdev\src\General-Store.apk'
&amp#27;[35m[AndroidDriver]&amp#27;[39m Performing fast reset on 'com.androidsample.generalstore'
[debug] &amp#27;[35m[ADB]&amp#27;[39m Getting install status for com.androidsample.generalstore
[debug] &amp#27;[35m[ADB]&amp#27;[39m Running 'C:\Users\joelv\AppData\Local\Android\Sdk\platform-tools\adb.exe -P 5037 -s emulator-5554 shell dumpsys package com.androidsample.generalstore'
[debug] &amp#27;[35m[ADB]&amp#27;[39m 'com.androidsample.generalstore' is installed
[debug] &amp#27;[35m[ADB]&amp#27;[39m Running 'C:\Users\joelv\AppData\Local\Android\Sdk\platform-tools\adb.exe -P 5037 -s emulator-5554 shell am force-stop com.androidsample.generalstore'
[debug] &amp#27;[35m[ADB]&amp#27;[39m Running 'C:\Users\joelv\AppData\Local\Android\Sdk\platform-tools\adb.exe -P 5037 -s emulator-5554 shell pm clear com.androidsample.generalstore'
[debug] &amp#27;[35m[AndroidDriver]&amp#27;[39m Performed fast reset on the installed 'com.androidsample.generalstore' application (stop and clear)
[debug] &amp#27;[35m[UiAutomator2]&amp#27;[39m Performing shallow cleanup of automation leftovers
[debug] &amp#27;[35m[UiAutomator2]&amp#27;[39m The following obsolete sessions are still running: ["9ade1fa4-664c-4a34-990a-07ccabaa8b9f"]
[debug] &amp#27;[35m[UiAutomator2]&amp#27;[39m Cleaning up 1 obsolete session
[debug] &amp#27;[35m[ADB]&amp#27;[39m Running 'C:\Users\joelv\AppData\Local\Android\Sdk\platform-tools\adb.exe -P 5037 -s emulator-5554 shell am force-stop io.appium.uiautomator2.server.test'
&amp#27;[35m[UiAutomator2]&amp#27;[39m Starting UIAutomator2 server 4.27.0
&amp#27;[35m[UiAutomator2]&amp#27;[39m Using UIAutomator2 server from 'C:\Users\joelv\AppData\Roaming\npm\node_modules\appium\node_modules\appium-uiautomator2-server\apks\appium-uiautomator2-server-v4.27.0.apk' and test from 'C:\Users\joelv\AppData\Roaming\npm\node_modules\appium\node_modules\appium-uiautomator2-server\apks\appium-uiautomator2-server-debug-androidTest.apk'
&amp#27;[35m[UiAutomator2]&amp#27;[39m Waiting up to 30000ms for UiAutomator2 to be online...
[debug] &amp#27;[35m[ADB]&amp#27;[39m Creating ADB subprocess with args: ["-P",5037,"-s","emulator-5554","shell","am","instrument","-w","-e","disableAnalytics",true,"io.appium.uiautomator2.server.test/androidx.test.runner.AndroidJUnitRunner"]
[debug] &amp#27;[35m[WD Proxy]&amp#27;[39m Matched '/status' to command name 'getStatus'
[debug] &amp#27;[35m[WD Proxy]&amp#27;[39m Proxying [GET /status] to [GET http://127.0.0.1:8200/wd/hub/status] with no body
&amp#27;[35m[WD Proxy]&amp#27;[39m socket hang up
[debug] &amp#27;[35m[Instrumentation]&amp#27;[39m io.appium.uiautomator2.server.test.AppiumUiAutomator2Server:
[debug] &amp#27;[35m[WD Proxy]&amp#27;[39m Matched '/status' to command name 'getStatus'
[debug] &amp#27;[35m[WD Proxy]&amp#27;[39m Proxying [GET /status] to [GET http://127.0.0.1:8200/wd/hub/status] with no body
&amp#27;[35m[WD Proxy]&amp#27;[39m socket hang up
[debug] &amp#27;[35m[WD Proxy]&amp#27;[39m Matched '/status' to command name 'getStatus'
[debug] &amp#27;[35m[WD Proxy]&amp#27;[39m Proxying [GET /status] to [GET http://127.0.0.1:8200/wd/hub/status] with no body
[debug] &amp#27;[35m[WD Proxy]&amp#27;[39m Got response with status 200: {"sessionId":"None","value":{"message":"UiAutomator2 Server is ready to accept commands","ready":true}}
[debug] &amp#27;[35m[UiAutomator2]&amp#27;[39m The initialization of the instrumentation process took 2100ms
[debug] &amp#27;[35m[WD Proxy]&amp#27;[39m Matched '/session' to command name 'createSession'
[debug] &amp#27;[35m[WD Proxy]&amp#27;[39m Proxying [POST /session] to [POST http://127.0.0.1:8200/wd/hub/session] with body: {"capabilities":{"firstMatch":[{"platform":"LINUX","webStorageEnabled":false,"takesScreenshot":true,"javascriptEnabled":true,"databaseEnabled":false,"networkConnectionEnabled":true,"locationContextEnabled":false,"warnings":{},"desired":{"platformName":"android","app":"C:\\Users\\joelv\\eclipse-workspace\\fameworkdev\\src\\General-Store.apk","chromeOptions":{"w3c":false},"automationName":"uiautomator2","avd":"emulator1","deviceName":"emulator1"},"platformName":"android","app":"C:\\Users\\joelv\\eclipse-workspace\\fameworkdev\\src\\General-Store.apk","chromeOptions":{"w3c":false},"automationName":"uiautomator2","avd":"emulator1","deviceName":"emulator-5554","deviceUDID":"emulator-5554","appPackage":"com.androidsample.generalstore"}],"alwaysMatch":{}}}
[debug] &amp#27;[35m[WD Proxy]&amp#27;[39m Got response with status 200: {"sessionId":"2234281e-4641-48d7-86be-5f29055e1102","value":{"capabilities":{"firstMatch":[{"platform":"LINUX","webStorageEnabled":false,"takesScreenshot":true,"javascriptEnabled":true,"databaseEnabled":false,"networkConnectionEnabled":true,"locationContextEnabled":false,"warnings":{},"desired":{"platformName":"android","app":"C:\\Users\\joelv\\eclipse-workspace\\fameworkdev\\src\\General-Store.apk","chromeOptions":{"w3c":false},"automationName":"uiautomator2","avd":"emulator1","deviceName":"emulator1"},"platformName":"android","app":"C:\\Users\\joelv\\eclipse-workspace\\fameworkdev\\src\\General-Store.apk","chromeOptions":{"w3c":false},"automationName":"uiautomator2","avd":"emulator1","deviceName":"emulator-5554","deviceUDID":"emulator-5554","appPackage":"com.androidsample.generalstore"}],"alwaysMatch":{}},"sessionId":"2234281e-4641-48d7-86be-5f29055e1102"}}
&amp#27;[35m[WD Proxy]&amp#27;[39m Determined the downstream protocol as 'W3C'
[debug] &amp#27;[35m[WD Proxy]&amp#27;[39m Proxying [GET /appium/device/info] to [GET http://127.0.0.1:8200/wd/hub/session/2234281e-4641-48d7-86be-5f29055e1102/appium/device/info] with no body
[debug] &amp#27;[35m[WD Proxy]&amp#27;[39m Got response with status 200: {"sessionId":"2234281e-4641-48d7-86be-5f29055e1102","value":{"androidId":"36aa52b107025819","apiVersion":"30","bluetooth":{"state":"ON"},"brand":"Android","carrierName":"Android","displayDensity":560,"locale":"en_US","manufacturer":"unknown","model":"Android SDK built for x86","networks":[{"capabilities":{"SSID":null,"linkDownBandwidthKbps":30000,"linkUpstreamBandwidthKbps":15000,"networkCapabilities":"NET_CAPABILITY_MMS,NET_CAPABILITY_SUPL,NET_CAPABILITY_DUN,NET_CAPABILITY_FOTA,NET_CAPABILITY_IMS,NET_CAPABILITY_CBS,NET_CAPABILITY_INTERNET,NET_CAPABILITY_NOT_RESTRICTED,NET_CAPABILITY_TRUSTED,NET_CAPABILITY_NOT_VPN,NET_CAPABILITY_VALIDATED,NET_CAPABILITY_NOT_ROAMING,NET_CAPABILITY_NOT_CONGESTED,NET_CAPABILITY_NOT_SUSPENDED","signalStrength":-2147483648,"transportTypes":"TRANSPORT_CELLULAR"},"detailedState":"CONNECTED","extraInfo":"epc.tmobile.com","isAvailable":true,"isConnected":true,"isFailover":false,"isRoaming":false,"state":"CONNECTED","subtype":13,"subtypeName":"LTE","type":0,"typeName":"MOBILE"},{"ca...
[debug] &amp#27;[35m[ADB]&amp#27;[39m Running 'C:\Users\joelv\AppData\Local\Android\Sdk\platform-tools\adb.exe -P 5037 -s emulator-5554 shell dumpsys window'
&amp#27;[35m[AndroidDriver]&amp#27;[39m Screen already unlocked, doing nothing
&amp#27;[35m[UiAutomator2]&amp#27;[39m Starting 'com.androidsample.generalstore/com.androidsample.generalstore.SplashActivity and waiting for 'com.androidsample.generalstore/com.androidsample.generalstore.SplashActivity'
[debug] &amp#27;[35m[ADB]&amp#27;[39m Running 'C:\Users\joelv\AppData\Local\Android\Sdk\platform-tools\adb.exe -P 5037 -s emulator-5554 shell am start -W -n com.androidsample.generalstore/com.androidsample.generalstore.SplashActivity -S -a android.intent.action.MAIN -c android.intent.category.LAUNCHER -f 0x10200000'
[debug] &amp#27;[35m[ADB]&amp#27;[39m Waiting up to 20000ms for activity matching pkg: 'com.androidsample.generalstore' and activity: 'com.androidsample.generalstore.SplashActivity' to be focused
[debug] &amp#27;[35m[ADB]&amp#27;[39m Possible activities, to be checked: 'com.androidsample.generalstore.SplashActivity', 'com.androidsample.generalstore.com.androidsample.generalstore.SplashActivity'
[debug] &amp#27;[35m[ADB]&amp#27;[39m Getting focused package and activity
[debug] &amp#27;[35m[ADB]&amp#27;[39m Running 'C:\Users\joelv\AppData\Local\Android\Sdk\platform-tools\adb.exe -P 5037 -s emulator-5554 shell dumpsys window displays'
[debug] &amp#27;[35m[ADB]&amp#27;[39m Found package: 'com.androidsample.generalstore' and fully qualified activity name : 'com.androidsample.generalstore.SplashActivity'
[debug] &amp#27;[35m[WD Proxy]&amp#27;[39m Proxying [GET /appium/device/pixel_ratio] to [GET http://127.0.0.1:8200/wd/hub/session/2234281e-4641-48d7-86be-5f29055e1102/appium/device/pixel_ratio] with no body
[debug] &amp#27;[35m[WD Proxy]&amp#27;[39m Got response with status 200: {"sessionId":"2234281e-4641-48d7-86be-5f29055e1102","value":3.5}
[debug] &amp#27;[35m[WD Proxy]&amp#27;[39m Matched '/appium/device/system_bars' to command name 'getSystemBars'
[debug] &amp#27;[35m[WD Proxy]&amp#27;[39m Proxying [GET /appium/device/system_bars] to [GET http://127.0.0.1:8200/wd/hub/session/2234281e-4641-48d7-86be-5f29055e1102/appium/device/system_bars] with no body
[debug] &amp#27;[35m[WD Proxy]&amp#27;[39m Got response with status 200: {"sessionId":"2234281e-4641-48d7-86be-5f29055e1102","value":{"statusBar":84}}
[debug] &amp#27;[35m[WD Proxy]&amp#27;[39m Matched '/window/current/size' to command name 'getWindowSize'
[debug] &amp#27;[35m[WD Proxy]&amp#27;[39m Proxying [GET /window/current/size] to [GET http://127.0.0.1:8200/wd/hub/session/2234281e-4641-48d7-86be-5f29055e1102/window/current/size] with no body
[debug] &amp#27;[35m[WD Proxy]&amp#27;[39m Got response with status 200: {"sessionId":"2234281e-4641-48d7-86be-5f29055e1102","value":{"height":2712,"width":1440}}
&amp#27;[35m[Appium]&amp#27;[39m New AndroidUiautomator2Driver session created successfully, session a8edf639-30c6-465c-ae5e-5305ad32fd50 added to master session list
[debug] &amp#27;[35m[BaseDriver]&amp#27;[39m Event 'newSessionStarted' logged at 1641559842838 (18:20:42 GMT+0530 (India Standard Time))
[debug] &amp#27;[35m[W3C (a8edf639)]&amp#27;[39m Cached the protocol value 'W3C' for the new session a8edf639-30c6-465c-ae5e-5305ad32fd50
[debug] &amp#27;[35m[W3C (a8edf639)]&amp#27;[39m Responding to client with driver.createSession() result: {"capabilities":{"platform":"LINUX","webStorageEnabled":false,"takesScreenshot":true,"javascriptEnabled":true,"databaseEnabled":false,"networkConnectionEnabled":true,"locationContextEnabled":false,"warnings":{},"desired":{"platformName":"android","app":"C:\\Users\\joelv\\eclipse-workspace\\fameworkdev\\src\\General-Store.apk","chromeOptions":{"w3c":false},"automationName":"uiautomator2","avd":"emulator1","deviceName":"emulator1"},"platformName":"android","app":"C:\\Users\\joelv\\eclipse-workspace\\fameworkdev\\src\\General-Store.apk","chromeOptions":{"w3c":false},"automationName":"uiautomator2","avd":"emulator1","deviceName":"emulator-5554","deviceUDID":"emulator-5554","appPackage":"com.androidsample.generalstore","deviceApiLevel":30,"platformVersion":"11","deviceScreenSize":"1440x2880","deviceScreenDensity":560,"deviceModel":"Android SDK built for x86","deviceManufacturer":"unknown","pixelRatio":3.5,"statBarHeight":84,"viewportRect":{"left":0,"top":84,"width":1440,"height":2628}}}
&amp#27;[35m[HTTP]&amp#27;[39m &amp#27;[37m<-- POST /wd/hub/session &amp#27;[39m&amp#27;[32m200&amp#27;[39m &amp#27;[90m10758 ms - 1057&amp#27;[39m
&amp#27;[35m[HTTP]&amp#27;[39m &amp#27;[90m&amp#27;[39m
&amp#27;[35m[HTTP]&amp#27;[39m &amp#27;[37m-->&amp#27;[39m &amp#27;[37mPOST&amp#27;[39m &amp#27;[37m/wd/hub/session/a8edf639-30c6-465c-ae5e-5305ad32fd50/timeouts&amp#27;[39m
&amp#27;[35m[HTTP]&amp#27;[39m &amp#27;[90m{"implicit":6000}&amp#27;[39m
[debug] &amp#27;[35m[W3C (a8edf639)]&amp#27;[39m Calling AppiumDriver.timeouts() with args: [null,null,null,null,6000,"a8edf639-30c6-465c-ae5e-5305ad32fd50"]
[debug] &amp#27;[35m[BaseDriver]&amp#27;[39m W3C timeout argument: {"implicit":6000}}
[debug] &amp#27;[35m[BaseDriver]&amp#27;[39m Set implicit wait to 6000ms
[debug] &amp#27;[35m[W3C (a8edf639)]&amp#27;[39m Responding to client with driver.timeouts() result: null
&amp#27;[35m[HTTP]&amp#27;[39m &amp#27;[37m<-- POST /wd/hub/session/a8edf639-30c6-465c-ae5e-5305ad32fd50/timeouts &amp#27;[39m&amp#27;[32m200&amp#27;[39m &amp#27;[90m3 ms - 14&amp#27;[39m
&amp#27;[35m[HTTP]&amp#27;[39m &amp#27;[90m&amp#27;[39m
&amp#27;[35m[HTTP]&amp#27;[39m &amp#27;[37m-->&amp#27;[39m &amp#27;[37mGET&amp#27;[39m &amp#27;[37m/wd/hub/session/a8edf639-30c6-465c-ae5e-5305ad32fd50/context&amp#27;[39m
&amp#27;[35m[HTTP]&amp#27;[39m &amp#27;[90m{}&amp#27;[39m
[debug] &amp#27;[35m[W3C (a8edf639)]&amp#27;[39m Calling AppiumDriver.getCurrentContext() with args: ["a8edf639-30c6-465c-ae5e-5305ad32fd50"]
[debug] &amp#27;[35m[W3C (a8edf639)]&amp#27;[39m Responding to client with driver.getCurrentContext() result: "NATIVE_APP"
&amp#27;[35m[HTTP]&amp#27;[39m &amp#27;[37m<-- GET /wd/hub/session/a8edf639-30c6-465c-ae5e-5305ad32fd50/context &amp#27;[39m&amp#27;[32m200&amp#27;[39m &amp#27;[90m3 ms - 22&amp#27;[39m
&amp#27;[35m[HTTP]&amp#27;[39m &amp#27;[90m&amp#27;[39m
&amp#27;[35m[HTTP]&amp#27;[39m &amp#27;[37m-->&amp#27;[39m &amp#27;[37mPOST&amp#27;[39m &amp#27;[37m/wd/hub/session/a8edf639-30c6-465c-ae5e-5305ad32fd50/element&amp#27;[39m
&amp#27;[35m[HTTP]&amp#27;[39m &amp#27;[90m{"using":"id","value":"com.androidsample.generalstore:id/nameField"}&amp#27;[39m
[debug] &amp#27;[35m[W3C (a8edf639)]&amp#27;[39m Calling AppiumDriver.findElement() with args: ["id","com.androidsample.generalstore:id/nameField","a8edf639-30c6-465c-ae5e-5305ad32fd50"]
[debug] &amp#27;[35m[BaseDriver]&amp#27;[39m Valid locator strategies for this request: xpath, id, class name, accessibility id, css selector, -android uiautomator
[debug] &amp#27;[35m[BaseDriver]&amp#27;[39m Waiting up to 6000 ms for condition
[debug] &amp#27;[35m[WD Proxy]&amp#27;[39m Matched '/element' to command name 'findElement'
[debug] &amp#27;[35m[WD Proxy]&amp#27;[39m Proxying [POST /element] to [POST http://127.0.0.1:8200/wd/hub/session/2234281e-4641-48d7-86be-5f29055e1102/element] with body: {"strategy":"id","selector":"com.androidsample.generalstore:id/nameField","context":"","multiple":false}
&amp#27;[35m[WD Proxy]&amp#27;[39m Got response with status 404: {"sessionId":"2234281e-4641-48d7-86be-5f29055e1102","value":{"error":"no such element","message":"An element could not be located on the page using the given search parameters","stacktrace":"io.appium.uiautomator2.common.exceptions.ElementNotFoundException: An element could not be located on the page using the given search parameters\n\tat io.appium.uiautomator2.handler.FindElement.safeHandle(FindElement.java:70)\n\tat io.appium.uiautomator2.handler.request.SafeRequestHandler.handle(SafeRequestHandler.java:59)\n\tat io.appium.uiautomator2.server.AppiumServlet.handleRequest(AppiumServlet.java:266)\n\tat io.appium.uiautomator2.server.AppiumServlet.handleHttpRequest(AppiumServlet.java:260)\n\tat io.appium.uiautomator2.http.ServerHandler.channelRead(ServerHandler.java:68)\n\tat io.netty.channel.AbstractChannelHandlerContext.invokeChannelRead(AbstractChannelHandlerContext.java:366)\n\tat io.netty.channel.AbstractChannelHandlerContext.invokeChannelRead(AbstractChannelHandlerContext.java:352)\n\tat io.netty.chann...
[debug] &amp#27;[35m[W3C]&amp#27;[39m Matched W3C error code 'no such element' to NoSuchElementError
[debug] &amp#27;[35m[BaseDriver]&amp#27;[39m Waited for 98 ms so far
[debug] &amp#27;[35m[WD Proxy]&amp#27;[39m Matched '/element' to command name 'findElement'
[debug] &amp#27;[35m[WD Proxy]&amp#27;[39m Proxying [POST /element] to [POST http://127.0.0.1:8200/wd/hub/session/2234281e-4641-48d7-86be-5f29055e1102/element] with body: {"strategy":"id","selector":"com.androidsample.generalstore:id/nameField","context":"","multiple":false}
&amp#27;[35m[WD Proxy]&amp#27;[39m Got response with status 404: {"sessionId":"2234281e-4641-48d7-86be-5f29055e1102","value":{"error":"no such element","message":"An element could not be located on the page using the given search parameters","stacktrace":"io.appium.uiautomator2.common.exceptions.ElementNotFoundException: An element could not be located on the page using the given search parameters\n\tat io.appium.uiautomator2.handler.FindElement.safeHandle(FindElement.java:70)\n\tat io.appium.uiautomator2.handler.request.SafeRequestHandler.handle(SafeRequestHandler.java:59)\n\tat io.appium.uiautomator2.server.AppiumServlet.handleRequest(AppiumServlet.java:266)\n\tat io.appium.uiautomator2.server.AppiumServlet.handleHttpRequest(AppiumServlet.java:260)\n\tat io.appium.uiautomator2.http.ServerHandler.channelRead(ServerHandler.java:68)\n\tat io.netty.channel.AbstractChannelHandlerContext.invokeChannelRead(AbstractChannelHandlerContext.java:366)\n\tat io.netty.channel.AbstractChannelHandlerContext.invokeChannelRead(AbstractChannelHandlerContext.java:352)\n\tat io.netty.chann...
[debug] &amp#27;[35m[W3C]&amp#27;[39m Matched W3C error code 'no such element' to NoSuchElementError
[debug] &amp#27;[35m[BaseDriver]&amp#27;[39m Waited for 613 ms so far
[debug] &amp#27;[35m[WD Proxy]&amp#27;[39m Matched '/element' to command name 'findElement'
[debug] &amp#27;[35m[WD Proxy]&amp#27;[39m Proxying [POST /element] to [POST http://127.0.0.1:8200/wd/hub/session/2234281e-4641-48d7-86be-5f29055e1102/element] with body: {"strategy":"id","selector":"com.androidsample.generalstore:id/nameField","context":"","multiple":false}
&amp#27;[35m[WD Proxy]&amp#27;[39m Got response with status 404: {"sessionId":"2234281e-4641-48d7-86be-5f29055e1102","value":{"error":"no such element","message":"An element could not be located on the page using the given search parameters","stacktrace":"io.appium.uiautomator2.common.exceptions.ElementNotFoundException: An element could not be located on the page using the given search parameters\n\tat io.appium.uiautomator2.handler.FindElement.safeHandle(FindElement.java:70)\n\tat io.appium.uiautomator2.handler.request.SafeRequestHandler.handle(SafeRequestHandler.java:59)\n\tat io.appium.uiautomator2.server.AppiumServlet.handleRequest(AppiumServlet.java:266)\n\tat io.appium.uiautomator2.server.AppiumServlet.handleHttpRequest(AppiumServlet.java:260)\n\tat io.appium.uiautomator2.http.ServerHandler.channelRead(ServerHandler.java:68)\n\tat io.netty.channel.AbstractChannelHandlerContext.invokeChannelRead(AbstractChannelHandlerContext.java:366)\n\tat io.netty.channel.AbstractChannelHandlerContext.invokeChannelRead(AbstractChannelHandlerContext.java:352)\n\tat io.netty.chann...
[debug] &amp#27;[35m[W3C]&amp#27;[39m Matched W3C error code 'no such element' to NoSuchElementError
[debug] &amp#27;[35m[BaseDriver]&amp#27;[39m Waited for 1145 ms so far
[debug] &amp#27;[35m[WD Proxy]&amp#27;[39m Matched '/element' to command name 'findElement'
[debug] &amp#27;[35m[WD Proxy]&amp#27;[39m Proxying [POST /element] to [POST http://127.0.0.1:8200/wd/hub/session/2234281e-4641-48d7-86be-5f29055e1102/element] with body: {"strategy":"id","selector":"com.androidsample.generalstore:id/nameField","context":"","multiple":false}
&amp#27;[35m[WD Proxy]&amp#27;[39m Got response with status 404: {"sessionId":"2234281e-4641-48d7-86be-5f29055e1102","value":{"error":"no such element","message":"An element could not be located on the page using the given search parameters","stacktrace":"io.appium.uiautomator2.common.exceptions.ElementNotFoundException: An element could not be located on the page using the given search parameters\n\tat io.appium.uiautomator2.handler.FindElement.safeHandle(FindElement.java:70)\n\tat io.appium.uiautomator2.handler.request.SafeRequestHandler.handle(SafeRequestHandler.java:59)\n\tat io.appium.uiautomator2.server.AppiumServlet.handleRequest(AppiumServlet.java:266)\n\tat io.appium.uiautomator2.server.AppiumServlet.handleHttpRequest(AppiumServlet.java:260)\n\tat io.appium.uiautomator2.http.ServerHandler.channelRead(ServerHandler.java:68)\n\tat io.netty.channel.AbstractChannelHandlerContext.invokeChannelRead(AbstractChannelHandlerContext.java:366)\n\tat io.netty.channel.AbstractChannelHandlerContext.invokeChannelRead(AbstractChannelHandlerContext.java:352)\n\tat io.netty.chann...
[debug] &amp#27;[35m[W3C]&amp#27;[39m Matched W3C error code 'no such element' to NoSuchElementError
[debug] &amp#27;[35m[BaseDriver]&amp#27;[39m Waited for 1662 ms so far
[debug] &amp#27;[35m[WD Proxy]&amp#27;[39m Matched '/element' to command name 'findElement'
[debug] &amp#27;[35m[WD Proxy]&amp#27;[39m Proxying [POST /element] to [POST http://127.0.0.1:8200/wd/hub/session/2234281e-4641-48d7-86be-5f29055e1102/element] with body: {"strategy":"id","selector":"com.androidsample.generalstore:id/nameField","context":"","multiple":false}
&amp#27;[35m[WD Proxy]&amp#27;[39m Got response with status 404: {"sessionId":"2234281e-4641-48d7-86be-5f29055e1102","value":{"error":"no such element","message":"An element could not be located on the page using the given search parameters","stacktrace":"io.appium.uiautomator2.common.exceptions.ElementNotFoundException: An element could not be located on the page using the given search parameters\n\tat io.appium.uiautomator2.handler.FindElement.safeHandle(FindElement.java:70)\n\tat io.appium.uiautomator2.handler.request.SafeRequestHandler.handle(SafeRequestHandler.java:59)\n\tat io.appium.uiautomator2.server.AppiumServlet.handleRequest(AppiumServlet.java:266)\n\tat io.appium.uiautomator2.server.AppiumServlet.handleHttpRequest(AppiumServlet.java:260)\n\tat io.appium.uiautomator2.http.ServerHandler.channelRead(ServerHandler.java:68)\n\tat io.netty.channel.AbstractChannelHandlerContext.invokeChannelRead(AbstractChannelHandlerContext.java:366)\n\tat io.netty.channel.AbstractChannelHandlerContext.invokeChannelRead(AbstractChannelHandlerContext.java:352)\n\tat io.netty.chann...
[debug] &amp#27;[35m[W3C]&amp#27;[39m Matched W3C error code 'no such element' to NoSuchElementError
[debug] &amp#27;[35m[BaseDriver]&amp#27;[39m Waited for 2186 ms so far
[debug] &amp#27;[35m[WD Proxy]&amp#27;[39m Matched '/element' to command name 'findElement'
[debug] &amp#27;[35m[WD Proxy]&amp#27;[39m Proxying [POST /element] to [POST http://127.0.0.1:8200/wd/hub/session/2234281e-4641-48d7-86be-5f29055e1102/element] with body: {"strategy":"id","selector":"com.androidsample.generalstore:id/nameField","context":"","multiple":false}
&amp#27;[35m[WD Proxy]&amp#27;[39m Got response with status 404: {"sessionId":"2234281e-4641-48d7-86be-5f29055e1102","value":{"error":"no such element","message":"An element could not be located on the page using the given search parameters","stacktrace":"io.appium.uiautomator2.common.exceptions.ElementNotFoundException: An element could not be located on the page using the given search parameters\n\tat io.appium.uiautomator2.handler.FindElement.safeHandle(FindElement.java:70)\n\tat io.appium.uiautomator2.handler.request.SafeRequestHandler.handle(SafeRequestHandler.java:59)\n\tat io.appium.uiautomator2.server.AppiumServlet.handleRequest(AppiumServlet.java:266)\n\tat io.appium.uiautomator2.server.AppiumServlet.handleHttpRequest(AppiumServlet.java:260)\n\tat io.appium.uiautomator2.http.ServerHandler.channelRead(ServerHandler.java:68)\n\tat io.netty.channel.AbstractChannelHandlerContext.invokeChannelRead(AbstractChannelHandlerContext.java:366)\n\tat io.netty.channel.AbstractChannelHandlerContext.invokeChannelRead(AbstractChannelHandlerContext.java:352)\n\tat io.netty.chann...
[debug] &amp#27;[35m[W3C]&amp#27;[39m Matched W3C error code 'no such element' to NoSuchElementError
[debug] &amp#27;[35m[BaseDriver]&amp#27;[39m Waited for 2769 ms so far
[debug] &amp#27;[35m[WD Proxy]&amp#27;[39m Matched '/element' to command name 'findElement'
[debug] &amp#27;[35m[WD Proxy]&amp#27;[39m Proxying [POST /element] to [POST http://127.0.0.1:8200/wd/hub/session/2234281e-4641-48d7-86be-5f29055e1102/element] with body: {"strategy":"id","selector":"com.androidsample.generalstore:id/nameField","context":"","multiple":false}
[debug] &amp#27;[35m[WD Proxy]&amp#27;[39m Got response with status 200: {"sessionId":"2234281e-4641-48d7-86be-5f29055e1102","value":{"ELEMENT":"00000000-0000-006b-ffff-ffff0000001d","element-6066-11e4-a52e-4f735466cecf":"00000000-0000-006b-ffff-ffff0000001d"}}
[debug] &amp#27;[35m[W3C (a8edf639)]&amp#27;[39m Responding to client with driver.findElement() result: {"element-6066-11e4-a52e-4f735466cecf":"00000000-0000-006b-ffff-ffff0000001d","ELEMENT":"00000000-0000-006b-ffff-ffff0000001d"}
&amp#27;[35m[HTTP]&amp#27;[39m &amp#27;[37m<-- POST /wd/hub/session/a8edf639-30c6-465c-ae5e-5305ad32fd50/element &amp#27;[39m&amp#27;[32m200&amp#27;[39m &amp#27;[90m3387 ms - 137&amp#27;[39m
&amp#27;[35m[HTTP]&amp#27;[39m &amp#27;[90m&amp#27;[39m
&amp#27;[35m[HTTP]&amp#27;[39m &amp#27;[37m-->&amp#27;[39m &amp#27;[37mPOST&amp#27;[39m &amp#27;[37m/wd/hub/session/a8edf639-30c6-465c-ae5e-5305ad32fd50/element/00000000-0000-006b-ffff-ffff0000001d/value&amp#27;[39m
&amp#27;[35m[HTTP]&amp#27;[39m &amp#27;[90m{"id":"00000000-0000-006b-ffff-ffff0000001d","text":"Shoes","value":["S","h","o","e","s"]}&amp#27;[39m
[debug] &amp#27;[35m[W3C (a8edf639)]&amp#27;[39m Calling AppiumDriver.setValue() with args: [["S","h","o","e","s"],"00000000-0000-006b-ffff-ffff0000001d","a8edf639-30c6-465c-ae5e-5305ad32fd50"]
[debug] &amp#27;[35m[WD Proxy]&amp#27;[39m Matched '/element/00000000-0000-006b-ffff-ffff0000001d/value' to command name 'setValue'
[debug] &amp#27;[35m[Protocol Converter]&amp#27;[39m Added 'value' property ["S","h","o","e","s"] to 'setValue' request body
[debug] &amp#27;[35m[WD Proxy]&amp#27;[39m Proxying [POST /element/00000000-0000-006b-ffff-ffff0000001d/value] to [POST http://127.0.0.1:8200/wd/hub/session/2234281e-4641-48d7-86be-5f29055e1102/element/00000000-0000-006b-ffff-ffff0000001d/value] with body: {"elementId":"00000000-0000-006b-ffff-ffff0000001d","text":"Shoes","replace":false,"value":["S","h","o","e","s"]}
[debug] &amp#27;[35m[WD Proxy]&amp#27;[39m Got response with status 200: {"sessionId":"2234281e-4641-48d7-86be-5f29055e1102","value":null}
[debug] &amp#27;[35m[W3C (a8edf639)]&amp#27;[39m Responding to client with driver.setValue() result: null
&amp#27;[35m[HTTP]&amp#27;[39m &amp#27;[37m<-- POST /wd/hub/session/a8edf639-30c6-465c-ae5e-5305ad32fd50/element/00000000-0000-006b-ffff-ffff0000001d/value &amp#27;[39m&amp#27;[32m200&amp#27;[39m &amp#27;[90m528 ms - 14&amp#27;[39m
&amp#27;[35m[HTTP]&amp#27;[39m &amp#27;[90m&amp#27;[39m
&amp#27;[35m[HTTP]&amp#27;[39m &amp#27;[37m-->&amp#27;[39m &amp#27;[37mPOST&amp#27;[39m &amp#27;[37m/wd/hub/session/a8edf639-30c6-465c-ae5e-5305ad32fd50/appium/device/hide_keyboard&amp#27;[39m
&amp#27;[35m[HTTP]&amp#27;[39m &amp#27;[90m{}&amp#27;[39m
[debug] &amp#27;[35m[W3C (a8edf639)]&amp#27;[39m Calling AppiumDriver.hideKeyboard() with args: [null,null,null,null,"a8edf639-30c6-465c-ae5e-5305ad32fd50"]
[debug] &amp#27;[35m[ADB]&amp#27;[39m Running 'C:\Users\joelv\AppData\Local\Android\Sdk\platform-tools\adb.exe -P 5037 -s emulator-5554 shell dumpsys input_method'
&amp#27;[35m[ADB]&amp#27;[39m Keyboard has no UI; no closing necessary
[debug] &amp#27;[35m[W3C (a8edf639)]&amp#27;[39m Responding to client with driver.hideKeyboard() result: false
&amp#27;[35m[HTTP]&amp#27;[39m &amp#27;[37m<-- POST /wd/hub/session/a8edf639-30c6-465c-ae5e-5305ad32fd50/appium/device/hide_keyboard &amp#27;[39m&amp#27;[32m200&amp#27;[39m &amp#27;[90m64 ms - 15&amp#27;[39m
&amp#27;[35m[HTTP]&amp#27;[39m &amp#27;[90m&amp#27;[39m
&amp#27;[35m[HTTP]&amp#27;[39m &amp#27;[37m-->&amp#27;[39m &amp#27;[37mGET&amp#27;[39m &amp#27;[37m/wd/hub/session/a8edf639-30c6-465c-ae5e-5305ad32fd50/context&amp#27;[39m
&amp#27;[35m[HTTP]&amp#27;[39m &amp#27;[90m{}&amp#27;[39m
[debug] &amp#27;[35m[W3C (a8edf639)]&amp#27;[39m Calling AppiumDriver.getCurrentContext() with args: ["a8edf639-30c6-465c-ae5e-5305ad32fd50"]
[debug] &amp#27;[35m[W3C (a8edf639)]&amp#27;[39m Responding to client with driver.getCurrentContext() result: "NATIVE_APP"
&amp#27;[35m[HTTP]&amp#27;[39m &amp#27;[37m<-- GET /wd/hub/session/a8edf639-30c6-465c-ae5e-5305ad32fd50/context &amp#27;[39m&amp#27;[32m200&amp#27;[39m &amp#27;[90m1 ms - 22&amp#27;[39m
&amp#27;[35m[HTTP]&amp#27;[39m &amp#27;[90m&amp#27;[39m
&amp#27;[35m[HTTP]&amp#27;[39m &amp#27;[37m-->&amp#27;[39m &amp#27;[37mPOST&amp#27;[39m &amp#27;[37m/wd/hub/session/a8edf639-30c6-465c-ae5e-5305ad32fd50/element&amp#27;[39m
&amp#27;[35m[HTTP]&amp#27;[39m &amp#27;[90m{"using":"xpath","value":"//*[@text='Female']"}&amp#27;[39m
[debug] &amp#27;[35m[W3C (a8edf639)]&amp#27;[39m Calling AppiumDriver.findElement() with args: ["xpath","//*[@text='Female']","a8edf639-30c6-465c-ae5e-5305ad32fd50"]
[debug] &amp#27;[35m[BaseDriver]&amp#27;[39m Valid locator strategies for this request: xpath, id, class name, accessibility id, css selector, -android uiautomator
[debug] &amp#27;[35m[BaseDriver]&amp#27;[39m Waiting up to 6000 ms for condition
[debug] &amp#27;[35m[WD Proxy]&amp#27;[39m Matched '/element' to command name 'findElement'
[debug] &amp#27;[35m[WD Proxy]&amp#27;[39m Proxying [POST /element] to [POST http://127.0.0.1:8200/wd/hub/session/2234281e-4641-48d7-86be-5f29055e1102/element] with body: {"strategy":"xpath","selector":"//*[@text='Female']","context":"","multiple":false}
[debug] &amp#27;[35m[WD Proxy]&amp#27;[39m Got response with status 200: {"sessionId":"2234281e-4641-48d7-86be-5f29055e1102","value":{"ELEMENT":"00000000-0000-006b-ffff-ffff00000021","element-6066-11e4-a52e-4f735466cecf":"00000000-0000-006b-ffff-ffff00000021"}}
[debug] &amp#27;[35m[W3C (a8edf639)]&amp#27;[39m Responding to client with driver.findElement() result: {"element-6066-11e4-a52e-4f735466cecf":"00000000-0000-006b-ffff-ffff00000021","ELEMENT":"00000000-0000-006b-ffff-ffff00000021"}
&amp#27;[35m[HTTP]&amp#27;[39m &amp#27;[37m<-- POST /wd/hub/session/a8edf639-30c6-465c-ae5e-5305ad32fd50/element &amp#27;[39m&amp#27;[32m200&amp#27;[39m &amp#27;[90m723 ms - 137&amp#27;[39m
&amp#27;[35m[HTTP]&amp#27;[39m &amp#27;[90m&amp#27;[39m
&amp#27;[35m[HTTP]&amp#27;[39m &amp#27;[37m-->&amp#27;[39m &amp#27;[37mPOST&amp#27;[39m &amp#27;[37m/wd/hub/session/a8edf639-30c6-465c-ae5e-5305ad32fd50/element/00000000-0000-006b-ffff-ffff00000021/click&amp#27;[39m
&amp#27;[35m[HTTP]&amp#27;[39m &amp#27;[90m{"id":"00000000-0000-006b-ffff-ffff00000021"}&amp#27;[39m
[debug] &amp#27;[35m[W3C (a8edf639)]&amp#27;[39m Calling AppiumDriver.click() with args: ["00000000-0000-006b-ffff-ffff00000021","a8edf639-30c6-465c-ae5e-5305ad32fd50"]
[debug] &amp#27;[35m[WD Proxy]&amp#27;[39m Matched '/element/00000000-0000-006b-ffff-ffff00000021/click' to command name 'click'
[debug] &amp#27;[35m[WD Proxy]&amp#27;[39m Proxying [POST /element/00000000-0000-006b-ffff-ffff00000021/click] to [POST http://127.0.0.1:8200/wd/hub/session/2234281e-4641-48d7-86be-5f29055e1102/element/00000000-0000-006b-ffff-ffff00000021/click] with body: {"element":"00000000-0000-006b-ffff-ffff00000021"}
[debug] &amp#27;[35m[WD Proxy]&amp#27;[39m Got response with status 200: {"sessionId":"2234281e-4641-48d7-86be-5f29055e1102","value":null}
[debug] &amp#27;[35m[W3C (a8edf639)]&amp#27;[39m Responding to client with driver.click() result: null
&amp#27;[35m[HTTP]&amp#27;[39m &amp#27;[37m<-- POST /wd/hub/session/a8edf639-30c6-465c-ae5e-5305ad32fd50/element/00000000-0000-006b-ffff-ffff00000021/click &amp#27;[39m&amp#27;[32m200&amp#27;[39m &amp#27;[90m37 ms - 14&amp#27;[39m
&amp#27;[35m[HTTP]&amp#27;[39m &amp#27;[90m&amp#27;[39m
&amp#27;[35m[HTTP]&amp#27;[39m &amp#27;[37m-->&amp#27;[39m &amp#27;[37mGET&amp#27;[39m &amp#27;[37m/wd/hub/session/a8edf639-30c6-465c-ae5e-5305ad32fd50/context&amp#27;[39m
&amp#27;[35m[HTTP]&amp#27;[39m &amp#27;[90m{}&amp#27;[39m
[debug] &amp#27;[35m[W3C (a8edf639)]&amp#27;[39m Calling AppiumDriver.getCurrentContext() with args: ["a8edf639-30c6-465c-ae5e-5305ad32fd50"]
[debug] &amp#27;[35m[W3C (a8edf639)]&amp#27;[39m Responding to client with driver.getCurrentContext() result: "NATIVE_APP"
&amp#27;[35m[HTTP]&amp#27;[39m &amp#27;[37m<-- GET /wd/hub/session/a8edf639-30c6-465c-ae5e-5305ad32fd50/context &amp#27;[39m&amp#27;[32m200&amp#27;[39m &amp#27;[90m1 ms - 22&amp#27;[39m
&amp#27;[35m[HTTP]&amp#27;[39m &amp#27;[90m&amp#27;[39m
&amp#27;[35m[HTTP]&amp#27;[39m &amp#27;[37m-->&amp#27;[39m &amp#27;[37mPOST&amp#27;[39m &amp#27;[37m/wd/hub/session/a8edf639-30c6-465c-ae5e-5305ad32fd50/element&amp#27;[39m
&amp#27;[35m[HTTP]&amp#27;[39m &amp#27;[90m{"using":"id","value":"android:id/text1"}&amp#27;[39m
[debug] &amp#27;[35m[W3C (a8edf639)]&amp#27;[39m Calling AppiumDriver.findElement() with args: ["id","android:id/text1","a8edf639-30c6-465c-ae5e-5305ad32fd50"]
[debug] &amp#27;[35m[BaseDriver]&amp#27;[39m Valid locator strategies for this request: xpath, id, class name, accessibility id, css selector, -android uiautomator
[debug] &amp#27;[35m[BaseDriver]&amp#27;[39m Waiting up to 6000 ms for condition
[debug] &amp#27;[35m[WD Proxy]&amp#27;[39m Matched '/element' to command name 'findElement'
[debug] &amp#27;[35m[WD Proxy]&amp#27;[39m Proxying [POST /element] to [POST http://127.0.0.1:8200/wd/hub/session/2234281e-4641-48d7-86be-5f29055e1102/element] with body: {"strategy":"id","selector":"android:id/text1","context":"","multiple":false}
[debug] &amp#27;[35m[WD Proxy]&amp#27;[39m Got response with status 200: {"sessionId":"2234281e-4641-48d7-86be-5f29055e1102","value":{"ELEMENT":"00000000-0000-006b-ffff-ffff00000024","element-6066-11e4-a52e-4f735466cecf":"00000000-0000-006b-ffff-ffff00000024"}}
[debug] &amp#27;[35m[W3C (a8edf639)]&amp#27;[39m Responding to client with driver.findElement() result: {"element-6066-11e4-a52e-4f735466cecf":"00000000-0000-006b-ffff-ffff00000024","ELEMENT":"00000000-0000-006b-ffff-ffff00000024"}
&amp#27;[35m[HTTP]&amp#27;[39m &amp#27;[37m<-- POST /wd/hub/session/a8edf639-30c6-465c-ae5e-5305ad32fd50/element &amp#27;[39m&amp#27;[32m200&amp#27;[39m &amp#27;[90m33 ms - 137&amp#27;[39m
&amp#27;[35m[HTTP]&amp#27;[39m &amp#27;[90m&amp#27;[39m
&amp#27;[35m[HTTP]&amp#27;[39m &amp#27;[37m-->&amp#27;[39m &amp#27;[37mPOST&amp#27;[39m &amp#27;[37m/wd/hub/session/a8edf639-30c6-465c-ae5e-5305ad32fd50/element/00000000-0000-006b-ffff-ffff00000024/click&amp#27;[39m
&amp#27;[35m[HTTP]&amp#27;[39m &amp#27;[90m{"id":"00000000-0000-006b-ffff-ffff00000024"}&amp#27;[39m
[debug] &amp#27;[35m[W3C (a8edf639)]&amp#27;[39m Calling AppiumDriver.click() with args: ["00000000-0000-006b-ffff-ffff00000024","a8edf639-30c6-465c-ae5e-5305ad32fd50"]
[debug] &amp#27;[35m[WD Proxy]&amp#27;[39m Matched '/element/00000000-0000-006b-ffff-ffff00000024/click' to command name 'click'
[debug] &amp#27;[35m[WD Proxy]&amp#27;[39m Proxying [POST /element/00000000-0000-006b-ffff-ffff00000024/click] to [POST http://127.0.0.1:8200/wd/hub/session/2234281e-4641-48d7-86be-5f29055e1102/element/00000000-0000-006b-ffff-ffff00000024/click] with body: {"element":"00000000-0000-006b-ffff-ffff00000024"}
[debug] &amp#27;[35m[WD Proxy]&amp#27;[39m Got response with status 200: {"sessionId":"2234281e-4641-48d7-86be-5f29055e1102","value":null}
[debug] &amp#27;[35m[W3C (a8edf639)]&amp#27;[39m Responding to client with driver.click() result: null
&amp#27;[35m[HTTP]&amp#27;[39m &amp#27;[37m<-- POST /wd/hub/session/a8edf639-30c6-465c-ae5e-5305ad32fd50/element/00000000-0000-006b-ffff-ffff00000024/click &amp#27;[39m&amp#27;[32m200&amp#27;[39m &amp#27;[90m912 ms - 14&amp#27;[39m
&amp#27;[35m[HTTP]&amp#27;[39m &amp#27;[90m&amp#27;[39m
&amp#27;[35m[HTTP]&amp#27;[39m &amp#27;[37m-->&amp#27;[39m &amp#27;[37mPOST&amp#27;[39m &amp#27;[37m/wd/hub/session/a8edf639-30c6-465c-ae5e-5305ad32fd50/element&amp#27;[39m
&amp#27;[35m[HTTP]&amp#27;[39m &amp#27;[90m{"using":"-android uiautomator","value":"new UiScrollable(new UiSelector()).scrollIntoView(text(\"Benin\"));"}&amp#27;[39m
[debug] &amp#27;[35m[W3C (a8edf639)]&amp#27;[39m Calling AppiumDriver.findElement() with args: ["-android uiautomator","new UiScrollable(new UiSelector()).scrollIntoView(text(\"Benin\"));","a8edf639-30c6-465c-ae5e-5305ad32fd50"]
[debug] &amp#27;[35m[BaseDriver]&amp#27;[39m Valid locator strategies for this request: xpath, id, class name, accessibility id, css selector, -android uiautomator
[debug] &amp#27;[35m[BaseDriver]&amp#27;[39m Waiting up to 6000 ms for condition
[debug] &amp#27;[35m[WD Proxy]&amp#27;[39m Matched '/element' to command name 'findElement'
[debug] &amp#27;[35m[WD Proxy]&amp#27;[39m Proxying [POST /element] to [POST http://127.0.0.1:8200/wd/hub/session/2234281e-4641-48d7-86be-5f29055e1102/element] with body: {"strategy":"-android uiautomator","selector":"new UiScrollable(new UiSelector()).scrollIntoView(text(\"Benin\"));","context":"","multiple":false}
[debug] &amp#27;[35m[WD Proxy]&amp#27;[39m Got response with status 200: {"sessionId":"2234281e-4641-48d7-86be-5f29055e1102","value":{"ELEMENT":"00000000-0000-006c-ffff-ffff0000002c","element-6066-11e4-a52e-4f735466cecf":"00000000-0000-006c-ffff-ffff0000002c"}}
[debug] &amp#27;[35m[W3C (a8edf639)]&amp#27;[39m Responding to client with driver.findElement() result: {"element-6066-11e4-a52e-4f735466cecf":"00000000-0000-006c-ffff-ffff0000002c","ELEMENT":"00000000-0000-006c-ffff-ffff0000002c"}
&amp#27;[35m[HTTP]&amp#27;[39m &amp#27;[37m<-- POST /wd/hub/session/a8edf639-30c6-465c-ae5e-5305ad32fd50/element &amp#27;[39m&amp#27;[32m200&amp#27;[39m &amp#27;[90m5949 ms - 137&amp#27;[39m
&amp#27;[35m[HTTP]&amp#27;[39m &amp#27;[90m&amp#27;[39m
&amp#27;[35m[HTTP]&amp#27;[39m &amp#27;[37m-->&amp#27;[39m &amp#27;[37mGET&amp#27;[39m &amp#27;[37m/wd/hub/session/a8edf639-30c6-465c-ae5e-5305ad32fd50/context&amp#27;[39m
&amp#27;[35m[HTTP]&amp#27;[39m &amp#27;[90m{}&amp#27;[39m
[debug] &amp#27;[35m[W3C (a8edf639)]&amp#27;[39m Calling AppiumDriver.getCurrentContext() with args: ["a8edf639-30c6-465c-ae5e-5305ad32fd50"]
[debug] &amp#27;[35m[W3C (a8edf639)]&amp#27;[39m Responding to client with driver.getCurrentContext() result: "NATIVE_APP"
&amp#27;[35m[HTTP]&amp#27;[39m &amp#27;[37m<-- GET /wd/hub/session/a8edf639-30c6-465c-ae5e-5305ad32fd50/context &amp#27;[39m&amp#27;[32m200&amp#27;[39m &amp#27;[90m1 ms - 22&amp#27;[39m
&amp#27;[35m[HTTP]&amp#27;[39m &amp#27;[90m&amp#27;[39m
&amp#27;[35m[HTTP]&amp#27;[39m &amp#27;[37m-->&amp#27;[39m &amp#27;[37mPOST&amp#27;[39m &amp#27;[37m/wd/hub/session/a8edf639-30c6-465c-ae5e-5305ad32fd50/element&amp#27;[39m
&amp#27;[35m[HTTP]&amp#27;[39m &amp#27;[90m{"using":"xpath","value":"//*[@text='Benin']"}&amp#27;[39m
[debug] &amp#27;[35m[W3C (a8edf639)]&amp#27;[39m Calling AppiumDriver.findElement() with args: ["xpath","//*[@text='Benin']","a8edf639-30c6-465c-ae5e-5305ad32fd50"]
[debug] &amp#27;[35m[BaseDriver]&amp#27;[39m Valid locator strategies for this request: xpath, id, class name, accessibility id, css selector, -android uiautomator
[debug] &amp#27;[35m[BaseDriver]&amp#27;[39m Waiting up to 6000 ms for condition
[debug] &amp#27;[35m[WD Proxy]&amp#27;[39m Matched '/element' to command name 'findElement'
[debug] &amp#27;[35m[WD Proxy]&amp#27;[39m Proxying [POST /element] to [POST http://127.0.0.1:8200/wd/hub/session/2234281e-4641-48d7-86be-5f29055e1102/element] with body: {"strategy":"xpath","selector":"//*[@text='Benin']","context":"","multiple":false}
[debug] &amp#27;[35m[WD Proxy]&amp#27;[39m Got response with status 200: {"sessionId":"2234281e-4641-48d7-86be-5f29055e1102","value":{"ELEMENT":"00000000-0000-006c-ffff-ffff0000002c","element-6066-11e4-a52e-4f735466cecf":"00000000-0000-006c-ffff-ffff0000002c"}}
[debug] &amp#27;[35m[W3C (a8edf639)]&amp#27;[39m Responding to client with driver.findElement() result: {"element-6066-11e4-a52e-4f735466cecf":"00000000-0000-006c-ffff-ffff0000002c","ELEMENT":"00000000-0000-006c-ffff-ffff0000002c"}
&amp#27;[35m[HTTP]&amp#27;[39m &amp#27;[37m<-- POST /wd/hub/session/a8edf639-30c6-465c-ae5e-5305ad32fd50/element &amp#27;[39m&amp#27;[32m200&amp#27;[39m &amp#27;[90m31 ms - 137&amp#27;[39m
&amp#27;[35m[HTTP]&amp#27;[39m &amp#27;[90m&amp#27;[39m
&amp#27;[35m[HTTP]&amp#27;[39m &amp#27;[37m-->&amp#27;[39m &amp#27;[37mPOST&amp#27;[39m &amp#27;[37m/wd/hub/session/a8edf639-30c6-465c-ae5e-5305ad32fd50/element/00000000-0000-006c-ffff-ffff0000002c/click&amp#27;[39m
&amp#27;[35m[HTTP]&amp#27;[39m &amp#27;[90m{"id":"00000000-0000-006c-ffff-ffff0000002c"}&amp#27;[39m
[debug] &amp#27;[35m[W3C (a8edf639)]&amp#27;[39m Calling AppiumDriver.click() with args: ["00000000-0000-006c-ffff-ffff0000002c","a8edf639-30c6-465c-ae5e-5305ad32fd50"]
[debug] &amp#27;[35m[WD Proxy]&amp#27;[39m Matched '/element/00000000-0000-006c-ffff-ffff0000002c/click' to command name 'click'
[debug] &amp#27;[35m[WD Proxy]&amp#27;[39m Proxying [POST /element/00000000-0000-006c-ffff-ffff0000002c/click] to [POST http://127.0.0.1:8200/wd/hub/session/2234281e-4641-48d7-86be-5f29055e1102/element/00000000-0000-006c-ffff-ffff0000002c/click] with body: {"element":"00000000-0000-006c-ffff-ffff0000002c"}
[debug] &amp#27;[35m[WD Proxy]&amp#27;[39m Got response with status 200: {"sessionId":"2234281e-4641-48d7-86be-5f29055e1102","value":null}
[debug] &amp#27;[35m[W3C (a8edf639)]&amp#27;[39m Responding to client with driver.click() result: null
&amp#27;[35m[HTTP]&amp#27;[39m &amp#27;[37m<-- POST /wd/hub/session/a8edf639-30c6-465c-ae5e-5305ad32fd50/element/00000000-0000-006c-ffff-ffff0000002c/click &amp#27;[39m&amp#27;[32m200&amp#27;[39m &amp#27;[90m660 ms - 14&amp#27;[39m
&amp#27;[35m[HTTP]&amp#27;[39m &amp#27;[90m&amp#27;[39m
&amp#27;[35m[HTTP]&amp#27;[39m &amp#27;[37m-->&amp#27;[39m &amp#27;[37mGET&amp#27;[39m &amp#27;[37m/wd/hub/session/a8edf639-30c6-465c-ae5e-5305ad32fd50/context&amp#27;[39m
&amp#27;[35m[HTTP]&amp#27;[39m &amp#27;[90m{}&amp#27;[39m
[debug] &amp#27;[35m[W3C (a8edf639)]&amp#27;[39m Calling AppiumDriver.getCurrentContext() with args: ["a8edf639-30c6-465c-ae5e-5305ad32fd50"]
[debug] &amp#27;[35m[W3C (a8edf639)]&amp#27;[39m Responding to client with driver.getCurrentContext() result: "NATIVE_APP"
&amp#27;[35m[HTTP]&amp#27;[39m &amp#27;[37m<-- GET /wd/hub/session/a8edf639-30c6-465c-ae5e-5305ad32fd50/context &amp#27;[39m&amp#27;[32m200&amp#27;[39m &amp#27;[90m1 ms - 22&amp#27;[39m
&amp#27;[35m[HTTP]&amp#27;[39m &amp#27;[90m&amp#27;[39m
&amp#27;[35m[HTTP]&amp#27;[39m &amp#27;[37m-->&amp#27;[39m &amp#27;[37mPOST&amp#27;[39m &amp#27;[37m/wd/hub/session/a8edf639-30c6-465c-ae5e-5305ad32fd50/element&amp#27;[39m
&amp#27;[35m[HTTP]&amp#27;[39m &amp#27;[90m{"using":"id","value":"com.androidsample.generalstore:id/btnLetsShop"}&amp#27;[39m
[debug] &amp#27;[35m[W3C (a8edf639)]&amp#27;[39m Calling AppiumDriver.findElement() with args: ["id","com.androidsample.generalstore:id/btnLetsShop","a8edf639-30c6-465c-ae5e-5305ad32fd50"]
[debug] &amp#27;[35m[BaseDriver]&amp#27;[39m Valid locator strategies for this request: xpath, id, class name, accessibility id, css selector, -android uiautomator
[debug] &amp#27;[35m[BaseDriver]&amp#27;[39m Waiting up to 6000 ms for condition
[debug] &amp#27;[35m[WD Proxy]&amp#27;[39m Matched '/element' to command name 'findElement'
[debug] &amp#27;[35m[WD Proxy]&amp#27;[39m Proxying [POST /element] to [POST http://127.0.0.1:8200/wd/hub/session/2234281e-4641-48d7-86be-5f29055e1102/element] with body: {"strategy":"id","selector":"com.androidsample.generalstore:id/btnLetsShop","context":"","multiple":false}
[debug] &amp#27;[35m[WD Proxy]&amp#27;[39m Got response with status 200: {"sessionId":"2234281e-4641-48d7-86be-5f29055e1102","value":{"ELEMENT":"00000000-0000-006b-ffff-ffff00000022","element-6066-11e4-a52e-4f735466cecf":"00000000-0000-006b-ffff-ffff00000022"}}
[debug] &amp#27;[35m[W3C (a8edf639)]&amp#27;[39m Responding to client with driver.findElement() result: {"element-6066-11e4-a52e-4f735466cecf":"00000000-0000-006b-ffff-ffff00000022","ELEMENT":"00000000-0000-006b-ffff-ffff00000022"}
&amp#27;[35m[HTTP]&amp#27;[39m &amp#27;[37m<-- POST /wd/hub/session/a8edf639-30c6-465c-ae5e-5305ad32fd50/element &amp#27;[39m&amp#27;[32m200&amp#27;[39m &amp#27;[90m13 ms - 137&amp#27;[39m
&amp#27;[35m[HTTP]&amp#27;[39m &amp#27;[90m&amp#27;[39m
&amp#27;[35m[HTTP]&amp#27;[39m &amp#27;[37m-->&amp#27;[39m &amp#27;[37mPOST&amp#27;[39m &amp#27;[37m/wd/hub/session/a8edf639-30c6-465c-ae5e-5305ad32fd50/element/00000000-0000-006b-ffff-ffff00000022/click&amp#27;[39m
&amp#27;[35m[HTTP]&amp#27;[39m &amp#27;[90m{"id":"00000000-0000-006b-ffff-ffff00000022"}&amp#27;[39m
[debug] &amp#27;[35m[W3C (a8edf639)]&amp#27;[39m Calling AppiumDriver.click() with args: ["00000000-0000-006b-ffff-ffff00000022","a8edf639-30c6-465c-ae5e-5305ad32fd50"]
[debug] &amp#27;[35m[WD Proxy]&amp#27;[39m Matched '/element/00000000-0000-006b-ffff-ffff00000022/click' to command name 'click'
[debug] &amp#27;[35m[WD Proxy]&amp#27;[39m Proxying [POST /element/00000000-0000-006b-ffff-ffff00000022/click] to [POST http://127.0.0.1:8200/wd/hub/session/2234281e-4641-48d7-86be-5f29055e1102/element/00000000-0000-006b-ffff-ffff00000022/click] with body: {"element":"00000000-0000-006b-ffff-ffff00000022"}
[debug] &amp#27;[35m[WD Proxy]&amp#27;[39m Got response with status 200: {"sessionId":"2234281e-4641-48d7-86be-5f29055e1102","value":null}
[debug] &amp#27;[35m[W3C (a8edf639)]&amp#27;[39m Responding to client with driver.click() result: null
&amp#27;[35m[HTTP]&amp#27;[39m &amp#27;[37m<-- POST /wd/hub/session/a8edf639-30c6-465c-ae5e-5305ad32fd50/element/00000000-0000-006b-ffff-ffff00000022/click &amp#27;[39m&amp#27;[32m200&amp#27;[39m &amp#27;[90m37 ms - 14&amp#27;[39m
&amp#27;[35m[HTTP]&amp#27;[39m &amp#27;[90m&amp#27;[39m
&amp#27;[35m[HTTP]&amp#27;[39m &amp#27;[37m-->&amp#27;[39m &amp#27;[37mGET&amp#27;[39m &amp#27;[37m/wd/hub/session/a8edf639-30c6-465c-ae5e-5305ad32fd50/context&amp#27;[39m
&amp#27;[35m[HTTP]&amp#27;[39m &amp#27;[90m{}&amp#27;[39m
[debug] &amp#27;[35m[W3C (a8edf639)]&amp#27;[39m Calling AppiumDriver.getCurrentContext() with args: ["a8edf639-30c6-465c-ae5e-5305ad32fd50"]
[debug] &amp#27;[35m[W3C (a8edf639)]&amp#27;[39m Responding to client with driver.getCurrentContext() result: "NATIVE_APP"
&amp#27;[35m[HTTP]&amp#27;[39m &amp#27;[37m<-- GET /wd/hub/session/a8edf639-30c6-465c-ae5e-5305ad32fd50/context &amp#27;[39m&amp#27;[32m200&amp#27;[39m &amp#27;[90m1 ms - 22&amp#27;[39m
&amp#27;[35m[HTTP]&amp#27;[39m &amp#27;[90m&amp#27;[39m
&amp#27;[35m[HTTP]&amp#27;[39m &amp#27;[37m-->&amp#27;[39m &amp#27;[37mPOST&amp#27;[39m &amp#27;[37m/wd/hub/session/a8edf639-30c6-465c-ae5e-5305ad32fd50/elements&amp#27;[39m
&amp#27;[35m[HTTP]&amp#27;[39m &amp#27;[90m{"using":"id","value":"com.androidsample.generalstore:id/productAddCart"}&amp#27;[39m
[debug] &amp#27;[35m[W3C (a8edf639)]&amp#27;[39m Calling AppiumDriver.findElements() with args: ["id","com.androidsample.generalstore:id/productAddCart","a8edf639-30c6-465c-ae5e-5305ad32fd50"]
[debug] &amp#27;[35m[BaseDriver]&amp#27;[39m Valid locator strategies for this request: xpath, id, class name, accessibility id, css selector, -android uiautomator
[debug] &amp#27;[35m[BaseDriver]&amp#27;[39m Waiting up to 6000 ms for condition
[debug] &amp#27;[35m[WD Proxy]&amp#27;[39m Matched '/elements' to command name 'findElements'
[debug] &amp#27;[35m[WD Proxy]&amp#27;[39m Proxying [POST /elements] to [POST http://127.0.0.1:8200/wd/hub/session/2234281e-4641-48d7-86be-5f29055e1102/elements] with body: {"strategy":"id","selector":"com.androidsample.generalstore:id/productAddCart","context":"","multiple":true}
[debug] &amp#27;[35m[WD Proxy]&amp#27;[39m Got response with status 200: {"sessionId":"2234281e-4641-48d7-86be-5f29055e1102","value":[]}
[debug] &amp#27;[35m[BaseDriver]&amp#27;[39m Waited for 113 ms so far
[debug] &amp#27;[35m[WD Proxy]&amp#27;[39m Matched '/elements' to command name 'findElements'
[debug] &amp#27;[35m[WD Proxy]&amp#27;[39m Proxying [POST /elements] to [POST http://127.0.0.1:8200/wd/hub/session/2234281e-4641-48d7-86be-5f29055e1102/elements] with body: {"strategy":"id","selector":"com.androidsample.generalstore:id/productAddCart","context":"","multiple":true}
[debug] &amp#27;[35m[WD Proxy]&amp#27;[39m Got response with status 200: {"sessionId":"2234281e-4641-48d7-86be-5f29055e1102","value":[{"ELEMENT":"00000000-0000-006d-ffff-ffff00000052","element-6066-11e4-a52e-4f735466cecf":"00000000-0000-006d-ffff-ffff00000052"},{"ELEMENT":"00000000-0000-006d-ffff-ffff0000005a","element-6066-11e4-a52e-4f735466cecf":"00000000-0000-006d-ffff-ffff0000005a"}]}
[debug] &amp#27;[35m[W3C (a8edf639)]&amp#27;[39m Responding to client with driver.findElements() result: [{"element-6066-11e4-a52e-4f735466cecf":"00000000-0000-006d-ffff-ffff00000052","ELEMENT":"00000000-0000-006d-ffff-ffff00000052"},{"element-6066-11e4-a52e-4f735466cecf":"00000000-0000-006d-ffff-ffff0000005a","ELEMENT":"00000000-0000-006d-ffff-ffff0000005a"}]
&amp#27;[35m[HTTP]&amp#27;[39m &amp#27;[37m<-- POST /wd/hub/session/a8edf639-30c6-465c-ae5e-5305ad32fd50/elements &amp#27;[39m&amp#27;[32m200&amp#27;[39m &amp#27;[90m696 ms - 267&amp#27;[39m
&amp#27;[35m[HTTP]&amp#27;[39m &amp#27;[90m&amp#27;[39m
&amp#27;[35m[HTTP]&amp#27;[39m &amp#27;[37m-->&amp#27;[39m &amp#27;[37mPOST&amp#27;[39m &amp#27;[37m/wd/hub/session/a8edf639-30c6-465c-ae5e-5305ad32fd50/element/00000000-0000-006d-ffff-ffff00000052/click&amp#27;[39m
&amp#27;[35m[HTTP]&amp#27;[39m &amp#27;[90m{"id":"00000000-0000-006d-ffff-ffff00000052"}&amp#27;[39m
[debug] &amp#27;[35m[W3C (a8edf639)]&amp#27;[39m Calling AppiumDriver.click() with args: ["00000000-0000-006d-ffff-ffff00000052","a8edf639-30c6-465c-ae5e-5305ad32fd50"]
[debug] &amp#27;[35m[WD Proxy]&amp#27;[39m Matched '/element/00000000-0000-006d-ffff-ffff00000052/click' to command name 'click'
[debug] &amp#27;[35m[WD Proxy]&amp#27;[39m Proxying [POST /element/00000000-0000-006d-ffff-ffff00000052/click] to [POST http://127.0.0.1:8200/wd/hub/session/2234281e-4641-48d7-86be-5f29055e1102/element/00000000-0000-006d-ffff-ffff00000052/click] with body: {"element":"00000000-0000-006d-ffff-ffff00000052"}
[debug] &amp#27;[35m[WD Proxy]&amp#27;[39m Got response with status 200: {"sessionId":"2234281e-4641-48d7-86be-5f29055e1102","value":null}
[debug] &amp#27;[35m[W3C (a8edf639)]&amp#27;[39m Responding to client with driver.click() result: null
&amp#27;[35m[HTTP]&amp#27;[39m &amp#27;[37m<-- POST /wd/hub/session/a8edf639-30c6-465c-ae5e-5305ad32fd50/element/00000000-0000-006d-ffff-ffff00000052/click &amp#27;[39m&amp#27;[32m200&amp#27;[39m &amp#27;[90m539 ms - 14&amp#27;[39m
&amp#27;[35m[HTTP]&amp#27;[39m &amp#27;[90m&amp#27;[39m
&amp#27;[35m[HTTP]&amp#27;[39m &amp#27;[37m-->&amp#27;[39m &amp#27;[37mGET&amp#27;[39m &amp#27;[37m/wd/hub/session/a8edf639-30c6-465c-ae5e-5305ad32fd50/context&amp#27;[39m
&amp#27;[35m[HTTP]&amp#27;[39m &amp#27;[90m{}&amp#27;[39m
[debug] &amp#27;[35m[W3C (a8edf639)]&amp#27;[39m Calling AppiumDriver.getCurrentContext() with args: ["a8edf639-30c6-465c-ae5e-5305ad32fd50"]
[debug] &amp#27;[35m[W3C (a8edf639)]&amp#27;[39m Responding to client with driver.getCurrentContext() result: "NATIVE_APP"
&amp#27;[35m[HTTP]&amp#27;[39m &amp#27;[37m<-- GET /wd/hub/session/a8edf639-30c6-465c-ae5e-5305ad32fd50/context &amp#27;[39m&amp#27;[32m200&amp#27;[39m &amp#27;[90m1 ms - 22&amp#27;[39m
&amp#27;[35m[HTTP]&amp#27;[39m &amp#27;[90m&amp#27;[39m
&amp#27;[35m[HTTP]&amp#27;[39m &amp#27;[37m-->&amp#27;[39m &amp#27;[37mPOST&amp#27;[39m &amp#27;[37m/wd/hub/session/a8edf639-30c6-465c-ae5e-5305ad32fd50/elements&amp#27;[39m
&amp#27;[35m[HTTP]&amp#27;[39m &amp#27;[90m{"using":"id","value":"com.androidsample.generalstore:id/productAddCart"}&amp#27;[39m
[debug] &amp#27;[35m[W3C (a8edf639)]&amp#27;[39m Calling AppiumDriver.findElements() with args: ["id","com.androidsample.generalstore:id/productAddCart","a8edf639-30c6-465c-ae5e-5305ad32fd50"]
[debug] &amp#27;[35m[BaseDriver]&amp#27;[39m Valid locator strategies for this request: xpath, id, class name, accessibility id, css selector, -android uiautomator
[debug] &amp#27;[35m[BaseDriver]&amp#27;[39m Waiting up to 6000 ms for condition
[debug] &amp#27;[35m[WD Proxy]&amp#27;[39m Matched '/elements' to command name 'findElements'
[debug] &amp#27;[35m[WD Proxy]&amp#27;[39m Proxying [POST /elements] to [POST http://127.0.0.1:8200/wd/hub/session/2234281e-4641-48d7-86be-5f29055e1102/elements] with body: {"strategy":"id","selector":"com.androidsample.generalstore:id/productAddCart","context":"","multiple":true}
[debug] &amp#27;[35m[WD Proxy]&amp#27;[39m Got response with status 200: {"sessionId":"2234281e-4641-48d7-86be-5f29055e1102","value":[{"ELEMENT":"00000000-0000-006d-ffff-ffff00000052","element-6066-11e4-a52e-4f735466cecf":"00000000-0000-006d-ffff-ffff00000052"},{"ELEMENT":"00000000-0000-006d-ffff-ffff0000005a","element-6066-11e4-a52e-4f735466cecf":"00000000-0000-006d-ffff-ffff0000005a"}]}
[debug] &amp#27;[35m[W3C (a8edf639)]&amp#27;[39m Responding to client with driver.findElements() result: [{"element-6066-11e4-a52e-4f735466cecf":"00000000-0000-006d-ffff-ffff00000052","ELEMENT":"00000000-0000-006d-ffff-ffff00000052"},{"element-6066-11e4-a52e-4f735466cecf":"00000000-0000-006d-ffff-ffff0000005a","ELEMENT":"00000000-0000-006d-ffff-ffff0000005a"}]
&amp#27;[35m[HTTP]&amp#27;[39m &amp#27;[37m<-- POST /wd/hub/session/a8edf639-30c6-465c-ae5e-5305ad32fd50/elements &amp#27;[39m&amp#27;[32m200&amp#27;[39m &amp#27;[90m16 ms - 267&amp#27;[39m
&amp#27;[35m[HTTP]&amp#27;[39m &amp#27;[90m&amp#27;[39m
&amp#27;[35m[HTTP]&amp#27;[39m &amp#27;[37m-->&amp#27;[39m &amp#27;[37mPOST&amp#27;[39m &amp#27;[37m/wd/hub/session/a8edf639-30c6-465c-ae5e-5305ad32fd50/element/00000000-0000-006d-ffff-ffff0000005a/click&amp#27;[39m
&amp#27;[35m[HTTP]&amp#27;[39m &amp#27;[90m{"id":"00000000-0000-006d-ffff-ffff0000005a"}&amp#27;[39m
[debug] &amp#27;[35m[W3C (a8edf639)]&amp#27;[39m Calling AppiumDriver.click() with args: ["00000000-0000-006d-ffff-ffff0000005a","a8edf639-30c6-465c-ae5e-5305ad32fd50"]
[debug] &amp#27;[35m[WD Proxy]&amp#27;[39m Matched '/element/00000000-0000-006d-ffff-ffff0000005a/click' to command name 'click'
[debug] &amp#27;[35m[WD Proxy]&amp#27;[39m Proxying [POST /element/00000000-0000-006d-ffff-ffff0000005a/click] to [POST http://127.0.0.1:8200/wd/hub/session/2234281e-4641-48d7-86be-5f29055e1102/element/00000000-0000-006d-ffff-ffff0000005a/click] with body: {"element":"00000000-0000-006d-ffff-ffff0000005a"}
[debug] &amp#27;[35m[WD Proxy]&amp#27;[39m Got response with status 200: {"sessionId":"2234281e-4641-48d7-86be-5f29055e1102","value":null}
[debug] &amp#27;[35m[W3C (a8edf639)]&amp#27;[39m Responding to client with driver.click() result: null
&amp#27;[35m[HTTP]&amp#27;[39m &amp#27;[37m<-- POST /wd/hub/session/a8edf639-30c6-465c-ae5e-5305ad32fd50/element/00000000-0000-006d-ffff-ffff0000005a/click &amp#27;[39m&amp#27;[32m200&amp#27;[39m &amp#27;[90m32 ms - 14&amp#27;[39m
&amp#27;[35m[HTTP]&amp#27;[39m &amp#27;[90m&amp#27;[39m
&amp#27;[35m[HTTP]&amp#27;[39m &amp#27;[37m-->&amp#27;[39m &amp#27;[37mGET&amp#27;[39m &amp#27;[37m/wd/hub/session/a8edf639-30c6-465c-ae5e-5305ad32fd50/context&amp#27;[39m
&amp#27;[35m[HTTP]&amp#27;[39m &amp#27;[90m{}&amp#27;[39m
[debug] &amp#27;[35m[W3C (a8edf639)]&amp#27;[39m Calling AppiumDriver.getCurrentContext() with args: ["a8edf639-30c6-465c-ae5e-5305ad32fd50"]
[debug] &amp#27;[35m[W3C (a8edf639)]&amp#27;[39m Responding to client with driver.getCurrentContext() result: "NATIVE_APP"
&amp#27;[35m[HTTP]&amp#27;[39m &amp#27;[37m<-- GET /wd/hub/session/a8edf639-30c6-465c-ae5e-5305ad32fd50/context &amp#27;[39m&amp#27;[32m200&amp#27;[39m &amp#27;[90m1 ms - 22&amp#27;[39m
&amp#27;[35m[HTTP]&amp#27;[39m &amp#27;[90m&amp#27;[39m
&amp#27;[35m[HTTP]&amp#27;[39m &amp#27;[37m-->&amp#27;[39m &amp#27;[37mPOST&amp#27;[39m &amp#27;[37m/wd/hub/session/a8edf639-30c6-465c-ae5e-5305ad32fd50/element&amp#27;[39m
&amp#27;[35m[HTTP]&amp#27;[39m &amp#27;[90m{"using":"id","value":"com.androidsample.generalstore:id/appbar_btn_cart"}&amp#27;[39m
[debug] &amp#27;[35m[W3C (a8edf639)]&amp#27;[39m Calling AppiumDriver.findElement() with args: ["id","com.androidsample.generalstore:id/appbar_btn_cart","a8edf639-30c6-465c-ae5e-5305ad32fd50"]
[debug] &amp#27;[35m[BaseDriver]&amp#27;[39m Valid locator strategies for this request: xpath, id, class name, accessibility id, css selector, -android uiautomator
[debug] &amp#27;[35m[BaseDriver]&amp#27;[39m Waiting up to 6000 ms for condition
[debug] &amp#27;[35m[WD Proxy]&amp#27;[39m Matched '/element' to command name 'findElement'
[debug] &amp#27;[35m[WD Proxy]&amp#27;[39m Proxying [POST /element] to [POST http://127.0.0.1:8200/wd/hub/session/2234281e-4641-48d7-86be-5f29055e1102/element] with body: {"strategy":"id","selector":"com.androidsample.generalstore:id/appbar_btn_cart","context":"","multiple":false}
[debug] &amp#27;[35m[WD Proxy]&amp#27;[39m Got response with status 200: {"sessionId":"2234281e-4641-48d7-86be-5f29055e1102","value":{"ELEMENT":"00000000-0000-006d-ffff-ffff00000045","element-6066-11e4-a52e-4f735466cecf":"00000000-0000-006d-ffff-ffff00000045"}}
[debug] &amp#27;[35m[W3C (a8edf639)]&amp#27;[39m Responding to client with driver.findElement() result: {"element-6066-11e4-a52e-4f735466cecf":"00000000-0000-006d-ffff-ffff00000045","ELEMENT":"00000000-0000-006d-ffff-ffff00000045"}
&amp#27;[35m[HTTP]&amp#27;[39m &amp#27;[37m<-- POST /wd/hub/session/a8edf639-30c6-465c-ae5e-5305ad32fd50/element &amp#27;[39m&amp#27;[32m200&amp#27;[39m &amp#27;[90m482 ms - 137&amp#27;[39m
&amp#27;[35m[HTTP]&amp#27;[39m &amp#27;[90m&amp#27;[39m
&amp#27;[35m[HTTP]&amp#27;[39m &amp#27;[37m-->&amp#27;[39m &amp#27;[37mPOST&amp#27;[39m &amp#27;[37m/wd/hub/session/a8edf639-30c6-465c-ae5e-5305ad32fd50/element/00000000-0000-006d-ffff-ffff00000045/click&amp#27;[39m
&amp#27;[35m[HTTP]&amp#27;[39m &amp#27;[90m{"id":"00000000-0000-006d-ffff-ffff00000045"}&amp#27;[39m
[debug] &amp#27;[35m[W3C (a8edf639)]&amp#27;[39m Calling AppiumDriver.click() with args: ["00000000-0000-006d-ffff-ffff00000045","a8edf639-30c6-465c-ae5e-5305ad32fd50"]
[debug] &amp#27;[35m[WD Proxy]&amp#27;[39m Matched '/element/00000000-0000-006d-ffff-ffff00000045/click' to command name 'click'
[debug] &amp#27;[35m[WD Proxy]&amp#27;[39m Proxying [POST /element/00000000-0000-006d-ffff-ffff00000045/click] to [POST http://127.0.0.1:8200/wd/hub/session/2234281e-4641-48d7-86be-5f29055e1102/element/00000000-0000-006d-ffff-ffff00000045/click] with body: {"element":"00000000-0000-006d-ffff-ffff00000045"}
[debug] &amp#27;[35m[WD Proxy]&amp#27;[39m Got response with status 200: {"sessionId":"2234281e-4641-48d7-86be-5f29055e1102","value":null}
[debug] &amp#27;[35m[W3C (a8edf639)]&amp#27;[39m Responding to client with driver.click() result: null
[...]
&amp#27;[35m[HTTP]&amp#27;[39m &amp#27;[90m&amp#27;[39m
&amp#27;[35m[HTTP]&amp#27;[39m &amp#27;[37m-->&amp#27;[39m &amp#27;[37mPOST&amp#27;[39m &amp#27;[37m/wd/hub/session/7b0ab7fc-3288-4552-afa9-6dcb8f2a5fe2/element&amp#27;[39m
&amp#27;[35m[HTTP]&amp#27;[39m &amp#27;[90m{"using":"xpath","value":"//*[@text='3. Preference dependencies']"}&amp#27;[39m
[debug] &amp#27;[35m[W3C (7b0ab7fc)]&amp#27;[39m Calling AppiumDriver.findElement() with args: ["xpath","//*[@text='3. Preference dependencies']","7b0ab7fc-3288-4552-afa9-6dcb8f2a5fe2"]
[debug] &amp#27;[35m[BaseDriver]&amp#27;[39m Valid locator strategies for this request: xpath, id, class name, accessibility id, css selector, -android uiautomator
[debug] &amp#27;[35m[BaseDriver]&amp#27;[39m Waiting up to 6000 ms for condition
[debug] &amp#27;[35m[WD Proxy]&amp#27;[39m Matched '/element' to command name 'findElement'
[debug] &amp#27;[35m[WD Proxy]&amp#27;[39m Proxying [POST /element] to [POST http://127.0.0.1:8202/wd/hub/session/4470d3a6-65bd-4159-9f53-0031658ab2ff/element] with body: {"strategy":"xpath","selector":"//*[@text='3. Preference dependencies']","context":"","multiple":false}
[debug] &amp#27;[35m[WD Proxy]&amp#27;[39m Got response with status 200: {"sessionId":"4470d3a6-65bd-4159-9f53-0031658ab2ff","value":{"ELEMENT":"00000000-0000-0090-ffff-ffff0000006a","element-6066-11e4-a52e-4f735466cecf":"00000000-0000-0090-ffff-ffff0000006a"}}
[debug] &amp#27;[35m[W3C (7b0ab7fc)]&amp#27;[39m Responding to client with driver.findElement() result: {"element-6066-11e4-a52e-4f735466cecf":"00000000-0000-0090-ffff-ffff0000006a","ELEMENT":"00000000-0000-0090-ffff-ffff0000006a"}
&amp#27;[35m[HTTP]&amp#27;[39m &amp#27;[37m<-- POST /wd/hub/session/7b0ab7fc-3288-4552-afa9-6dcb8f2a5fe2/element &amp#27;[39m&amp#27;[32m200&amp#27;[39m &amp#27;[90m31 ms - 137&amp#27;[39m
&amp#27;[35m[HTTP]&amp#27;[39m &amp#27;[90m&amp#27;[39m
&amp#27;[35m[HTTP]&amp#27;[39m &amp#27;[37m-->&amp#27;[39m &amp#27;[37mPOST&amp#27;[39m &amp#27;[37m/wd/hub/session/7b0ab7fc-3288-4552-afa9-6dcb8f2a5fe2/element/00000000-0000-0090-ffff-ffff0000006a/click&amp#27;[39m
&amp#27;[35m[HTTP]&amp#27;[39m &amp#27;[90m{"id":"00000000-0000-0090-ffff-ffff0000006a"}&amp#27;[39m
[debug] &amp#27;[35m[W3C (7b0ab7fc)]&amp#27;[39m Calling AppiumDriver.click() with args: ["00000000-0000-0090-ffff-ffff0000006a","7b0ab7fc-3288-4552-afa9-6dcb8f2a5fe2"]
[debug] &amp#27;[35m[WD Proxy]&amp#27;[39m Matched '/element/00000000-0000-0090-ffff-ffff0000006a/click' to command name 'click'
[debug] &amp#27;[35m[WD Proxy]&amp#27;[39m Proxying [POST /element/00000000-0000-0090-ffff-ffff0000006a/click] to [POST http://127.0.0.1:8202/wd/hub/session/4470d3a6-65bd-4159-9f53-0031658ab2ff/element/00000000-0000-0090-ffff-ffff0000006a/click] with body: {"element":"00000000-0000-0090-ffff-ffff0000006a"}
[debug] &amp#27;[35m[WD Proxy]&amp#27;[39m Got response with status 200: {"sessionId":"4470d3a6-65bd-4159-9f53-0031658ab2ff","value":null}
[debug] &amp#27;[35m[W3C (7b0ab7fc)]&amp#27;[39m Responding to client with driver.click() result: null
&amp#27;[35m[HTTP]&amp#27;[39m &amp#27;[37m<-- POST /wd/hub/session/7b0ab7fc-3288-4552-afa9-6dcb8f2a5fe2/element/00000000-0000-0090-ffff-ffff0000006a/click &amp#27;[39m&amp#27;[32m200&amp#27;[39m &amp#27;[90m795 ms - 14&amp#27;[39m
&amp#27;[35m[HTTP]&amp#27;[39m &amp#27;[90m&amp#27;[39m
&amp#27;[35m[HTTP]&amp#27;[39m &amp#27;[37m-->&amp#27;[39m &amp#27;[37mGET&amp#27;[39m &amp#27;[37m/wd/hub/session/7b0ab7fc-3288-4552-afa9-6dcb8f2a5fe2/context&amp#27;[39m
&amp#27;[35m[HTTP]&amp#27;[39m &amp#27;[90m{}&amp#27;[39m
[debug] &amp#27;[35m[W3C (7b0ab7fc)]&amp#27;[39m Calling AppiumDriver.getCurrentContext() with args: ["7b0ab7fc-3288-4552-afa9-6dcb8f2a5fe2"]
[debug] &amp#27;[35m[W3C (7b0ab7fc)]&amp#27;[39m Responding to client with driver.getCurrentContext() result: "NATIVE_APP"
&amp#27;[35m[HTTP]&amp#27;[39m &amp#27;[37m<-- GET /wd/hub/session/7b0ab7fc-3288-4552-afa9-6dcb8f2a5fe2/context &amp#27;[39m&amp#27;[32m200&amp#27;[39m &amp#27;[90m1 ms - 22&amp#27;[39m
&amp#27;[35m[HTTP]&amp#27;[39m &amp#27;[90m&amp#27;[39m
&amp#27;[35m[HTTP]&amp#27;[39m &amp#27;[37m-->&amp#27;[39m &amp#27;[37mPOST&amp#27;[39m &amp#27;[37m/wd/hub/session/7b0ab7fc-3288-4552-afa9-6dcb8f2a5fe2/element&amp#27;[39m
&amp#27;[35m[HTTP]&amp#27;[39m &amp#27;[90m{"using":"id","value":"android:id/checkbox"}&amp#27;[39m
[debug] &amp#27;[35m[W3C (7b0ab7fc)]&amp#27;[39m Calling AppiumDriver.findElement() with args: ["id","android:id/checkbox","7b0ab7fc-3288-4552-afa9-6dcb8f2a5fe2"]
[debug] &amp#27;[35m[BaseDriver]&amp#27;[39m Valid locator strategies for this request: xpath, id, class name, accessibility id, css selector, -android uiautomator
[debug] &amp#27;[35m[BaseDriver]&amp#27;[39m Waiting up to 6000 ms for condition
[debug] &amp#27;[35m[WD Proxy]&amp#27;[39m Matched '/element' to command name 'findElement'
[debug] &amp#27;[35m[WD Proxy]&amp#27;[39m Proxying [POST /element] to [POST http://127.0.0.1:8202/wd/hub/session/4470d3a6-65bd-4159-9f53-0031658ab2ff/element] with body: {"strategy":"id","selector":"android:id/checkbox","context":"","multiple":false}
[debug] &amp#27;[35m[WD Proxy]&amp#27;[39m Got response with status 200: {"sessionId":"4470d3a6-65bd-4159-9f53-0031658ab2ff","value":{"ELEMENT":"00000000-0000-0091-ffff-ffff0000008d","element-6066-11e4-a52e-4f735466cecf":"00000000-0000-0091-ffff-ffff0000008d"}}
[debug] &amp#27;[35m[W3C (7b0ab7fc)]&amp#27;[39m Responding to client with driver.findElement() result: {"element-6066-11e4-a52e-4f735466cecf":"00000000-0000-0091-ffff-ffff0000008d","ELEMENT":"00000000-0000-0091-ffff-ffff0000008d"}
&amp#27;[35m[HTTP]&amp#27;[39m &amp#27;[37m<-- POST /wd/hub/session/7b0ab7fc-3288-4552-afa9-6dcb8f2a5fe2/element &amp#27;[39m&amp#27;[32m200&amp#27;[39m &amp#27;[90m20 ms - 137&amp#27;[39m
&amp#27;[35m[HTTP]&amp#27;[39m &amp#27;[90m&amp#27;[39m
&amp#27;[35m[HTTP]&amp#27;[39m &amp#27;[37m-->&amp#27;[39m &amp#27;[37mPOST&amp#27;[39m &amp#27;[37m/wd/hub/session/7b0ab7fc-3288-4552-afa9-6dcb8f2a5fe2/element/00000000-0000-0091-ffff-ffff0000008d/click&amp#27;[39m
&amp#27;[35m[HTTP]&amp#27;[39m &amp#27;[90m{"id":"00000000-0000-0091-ffff-ffff0000008d"}&amp#27;[39m
[debug] &amp#27;[35m[W3C (7b0ab7fc)]&amp#27;[39m Calling AppiumDriver.click() with args: ["00000000-0000-0091-ffff-ffff0000008d","7b0ab7fc-3288-4552-afa9-6dcb8f2a5fe2"]
[debug] &amp#27;[35m[WD Proxy]&amp#27;[39m Matched '/element/00000000-0000-0091-ffff-ffff0000008d/click' to command name 'click'
[debug] &amp#27;[35m[WD Proxy]&amp#27;[39m Proxying [POST /element/00000000-0000-0091-ffff-ffff0000008d/click] to [POST http://127.0.0.1:8202/wd/hub/session/4470d3a6-65bd-4159-9f53-0031658ab2ff/element/00000000-0000-0091-ffff-ffff0000008d/click] with body: {"element":"00000000-0000-0091-ffff-ffff0000008d"}
[debug] &amp#27;[35m[WD Proxy]&amp#27;[39m Got response with status 200: {"sessionId":"4470d3a6-65bd-4159-9f53-0031658ab2ff","value":null}
[debug] &amp#27;[35m[W3C (7b0ab7fc)]&amp#27;[39m Responding to client with driver.click() result: null
&amp#27;[35m[HTTP]&amp#27;[39m &amp#27;[37m<-- POST /wd/hub/session/7b0ab7fc-3288-4552-afa9-6dcb8f2a5fe2/element/00000000-0000-0091-ffff-ffff0000008d/click &amp#27;[39m&amp#27;[32m200&amp#27;[39m &amp#27;[90m633 ms - 14&amp#27;[39m
&amp#27;[35m[HTTP]&amp#27;[39m &amp#27;[90m&amp#27;[39m
&amp#27;[35m[HTTP]&amp#27;[39m &amp#27;[37m-->&amp#27;[39m &amp#27;[37mGET&amp#27;[39m &amp#27;[37m/wd/hub/session/7b0ab7fc-3288-4552-afa9-6dcb8f2a5fe2/context&amp#27;[39m
&amp#27;[35m[HTTP]&amp#27;[39m &amp#27;[90m{}&amp#27;[39m
[debug] &amp#27;[35m[W3C (7b0ab7fc)]&amp#27;[39m Calling AppiumDriver.getCurrentContext() with args: ["7b0ab7fc-3288-4552-afa9-6dcb8f2a5fe2"]
[debug] &amp#27;[35m[W3C (7b0ab7fc)]&amp#27;[39m Responding to client with driver.getCurrentContext() result: "NATIVE_APP"
&amp#27;[35m[HTTP]&amp#27;[39m &amp#27;[37m<-- GET /wd/hub/session/7b0ab7fc-3288-4552-afa9-6dcb8f2a5fe2/context &amp#27;[39m&amp#27;[32m200&amp#27;[39m &amp#27;[90m1 ms - 22&amp#27;[39m
&amp#27;[35m[HTTP]&amp#27;[39m &amp#27;[90m&amp#27;[39m
&amp#27;[35m[HTTP]&amp#27;[39m &amp#27;[37m-->&amp#27;[39m &amp#27;[37mPOST&amp#27;[39m &amp#27;[37m/wd/hub/session/7b0ab7fc-3288-4552-afa9-6dcb8f2a5fe2/element&amp#27;[39m
&amp#27;[35m[HTTP]&amp#27;[39m &amp#27;[90m{"using":"xpath","value":"//*[@text='WiFi settings']"}&amp#27;[39m
[debug] &amp#27;[35m[W3C (7b0ab7fc)]&amp#27;[39m Calling AppiumDriver.findElement() with args: ["xpath","//*[@text='WiFi settings']","7b0ab7fc-3288-4552-afa9-6dcb8f2a5fe2"]
[debug] &amp#27;[35m[BaseDriver]&amp#27;[39m Valid locator strategies for this request: xpath, id, class name, accessibility id, css selector, -android uiautomator
[debug] &amp#27;[35m[BaseDriver]&amp#27;[39m Waiting up to 6000 ms for condition
[debug] &amp#27;[35m[WD Proxy]&amp#27;[39m Matched '/element' to command name 'findElement'
[debug] &amp#27;[35m[WD Proxy]&amp#27;[39m Proxying [POST /element] to [POST http://127.0.0.1:8202/wd/hub/session/4470d3a6-65bd-4159-9f53-0031658ab2ff/element] with body: {"strategy":"xpath","selector":"//*[@text='WiFi settings']","context":"","multiple":false}
[debug] &amp#27;[35m[WD Proxy]&amp#27;[39m Got response with status 200: {"sessionId":"4470d3a6-65bd-4159-9f53-0031658ab2ff","value":{"ELEMENT":"00000000-0000-0091-ffff-ffff00000092","element-6066-11e4-a52e-4f735466cecf":"00000000-0000-0091-ffff-ffff00000092"}}
[debug] &amp#27;[35m[W3C (7b0ab7fc)]&amp#27;[39m Responding to client with driver.findElement() result: {"element-6066-11e4-a52e-4f735466cecf":"00000000-0000-0091-ffff-ffff00000092","ELEMENT":"00000000-0000-0091-ffff-ffff00000092"}
&amp#27;[35m[HTTP]&amp#27;[39m &amp#27;[37m<-- POST /wd/hub/session/7b0ab7fc-3288-4552-afa9-6dcb8f2a5fe2/element &amp#27;[39m&amp#27;[32m200&amp#27;[39m &amp#27;[90m25 ms - 137&amp#27;[39m
&amp#27;[35m[HTTP]&amp#27;[39m &amp#27;[90m&amp#27;[39m
&amp#27;[35m[HTTP]&amp#27;[39m &amp#27;[37m-->&amp#27;[39m &amp#27;[37mPOST&amp#27;[39m &amp#27;[37m/wd/hub/session/7b0ab7fc-3288-4552-afa9-6dcb8f2a5fe2/element/00000000-0000-0091-ffff-ffff00000092/click&amp#27;[39m
&amp#27;[35m[HTTP]&amp#27;[39m &amp#27;[90m{"id":"00000000-0000-0091-ffff-ffff00000092"}&amp#27;[39m
[debug] &amp#27;[35m[W3C (7b0ab7fc)]&amp#27;[39m Calling AppiumDriver.click() with args: ["00000000-0000-0091-ffff-ffff00000092","7b0ab7fc-3288-4552-afa9-6dcb8f2a5fe2"]
[debug] &amp#27;[35m[WD Proxy]&amp#27;[39m Matched '/element/00000000-0000-0091-ffff-ffff00000092/click' to command name 'click'
[debug] &amp#27;[35m[WD Proxy]&amp#27;[39m Proxying [POST /element/00000000-0000-0091-ffff-ffff00000092/click] to [POST http://127.0.0.1:8202/wd/hub/session/4470d3a6-65bd-4159-9f53-0031658ab2ff/element/00000000-0000-0091-ffff-ffff00000092/click] with body: {"element":"00000000-0000-0091-ffff-ffff00000092"}
[debug] &amp#27;[35m[WD Proxy]&amp#27;[39m Got response with status 200: {"sessionId":"4470d3a6-65bd-4159-9f53-0031658ab2ff","value":null}
[debug] &amp#27;[35m[W3C (7b0ab7fc)]&amp#27;[39m Responding to client with driver.click() result: null
&amp#27;[35m[HTTP]&amp#27;[39m &amp#27;[37m<-- POST /wd/hub/session/7b0ab7fc-3288-4552-afa9-6dcb8f2a5fe2/element/00000000-0000-0091-ffff-ffff00000092/click &amp#27;[39m&amp#27;[32m200&amp#27;[39m &amp#27;[90m652 ms - 14&amp#27;[39m
&amp#27;[35m[HTTP]&amp#27;[39m &amp#27;[90m&amp#27;[39m
&amp#27;[35m[HTTP]&amp#27;[39m &amp#27;[37m-->&amp#27;[39m &amp#27;[37mGET&amp#27;[39m &amp#27;[37m/wd/hub/session/7b0ab7fc-3288-4552-afa9-6dcb8f2a5fe2/context&amp#27;[39m
&amp#27;[35m[HTTP]&amp#27;[39m &amp#27;[90m{}&amp#27;[39m
[debug] &amp#27;[35m[W3C (7b0ab7fc)]&amp#27;[39m Calling AppiumDriver.getCurrentContext() with args: ["7b0ab7fc-3288-4552-afa9-6dcb8f2a5fe2"]
[debug] &amp#27;[35m[W3C (7b0ab7fc)]&amp#27;[39m Responding to client with driver.getCurrentContext() result: "NATIVE_APP"
&amp#27;[35m[HTTP]&amp#27;[39m &amp#27;[37m<-- GET /wd/hub/session/7b0ab7fc-3288-4552-afa9-6dcb8f2a5fe2/context &amp#27;[39m&amp#27;[32m200&amp#27;[39m &amp#27;[90m1 ms - 22&amp#27;[39m
&amp#27;[35m[HTTP]&amp#27;[39m &amp#27;[90m&amp#27;[39m
&amp#27;[35m[HTTP]&amp#27;[39m &amp#27;[37m-->&amp#27;[39m &amp#27;[37mPOST&amp#27;[39m &amp#27;[37m/wd/hub/session/7b0ab7fc-3288-4552-afa9-6dcb8f2a5fe2/element&amp#27;[39m
&amp#27;[35m[HTTP]&amp#27;[39m &amp#27;[90m{"using":"id","value":"android:id/edit"}&amp#27;[39m
[debug] &amp#27;[35m[W3C (7b0ab7fc)]&amp#27;[39m Calling AppiumDriver.findElement() with args: ["id","android:id/edit","7b0ab7fc-3288-4552-afa9-6dcb8f2a5fe2"]
[debug] &amp#27;[35m[BaseDriver]&amp#27;[39m Valid locator strategies for this request: xpath, id, class name, accessibility id, css selector, -android uiautomator
[debug] &amp#27;[35m[BaseDriver]&amp#27;[39m Waiting up to 6000 ms for condition
[debug] &amp#27;[35m[WD Proxy]&amp#27;[39m Matched '/element' to command name 'findElement'
[debug] &amp#27;[35m[WD Proxy]&amp#27;[39m Proxying [POST /element] to [POST http://127.0.0.1:8202/wd/hub/session/4470d3a6-65bd-4159-9f53-0031658ab2ff/element] with body: {"strategy":"id","selector":"android:id/edit","context":"","multiple":false}
[debug] &amp#27;[35m[WD Proxy]&amp#27;[39m Got response with status 200: {"sessionId":"4470d3a6-65bd-4159-9f53-0031658ab2ff","value":{"ELEMENT":"00000000-0000-0092-ffff-ffff000000a8","element-6066-11e4-a52e-4f735466cecf":"00000000-0000-0092-ffff-ffff000000a8"}}
[debug] &amp#27;[35m[W3C (7b0ab7fc)]&amp#27;[39m Responding to client with driver.findElement() result: {"element-6066-11e4-a52e-4f735466cecf":"00000000-0000-0092-ffff-ffff000000a8","ELEMENT":"00000000-0000-0092-ffff-ffff000000a8"}
&amp#27;[35m[HTTP]&amp#27;[39m &amp#27;[37m<-- POST /wd/hub/session/7b0ab7fc-3288-4552-afa9-6dcb8f2a5fe2/element &amp#27;[39m&amp#27;[32m200&amp#27;[39m &amp#27;[90m15 ms - 137&amp#27;[39m
&amp#27;[35m[HTTP]&amp#27;[39m &amp#27;[90m&amp#27;[39m
&amp#27;[35m[HTTP]&amp#27;[39m &amp#27;[37m-->&amp#27;[39m &amp#27;[37mPOST&amp#27;[39m &amp#27;[37m/wd/hub/session/7b0ab7fc-3288-4552-afa9-6dcb8f2a5fe2/element/00000000-0000-0092-ffff-ffff000000a8/value&amp#27;[39m
&amp#27;[35m[HTTP]&amp#27;[39m &amp#27;[90m{"id":"00000000-0000-0092-ffff-ffff000000a8","text":"Password2","value":["P","a","s","s","w","o","r","d","2"]}&amp#27;[39m
[debug] &amp#27;[35m[W3C (7b0ab7fc)]&amp#27;[39m Calling AppiumDriver.setValue() with args: [["P","a","s","s","w","o","r","d","2"],"00000000-0000-0092-ffff-ffff000000a8","7b0ab7fc-3288-4552-afa9-6dcb8f2a5fe2"]
[debug] &amp#27;[35m[WD Proxy]&amp#27;[39m Matched '/element/00000000-0000-0092-ffff-ffff000000a8/value' to command name 'setValue'
[debug] &amp#27;[35m[Protocol Converter]&amp#27;[39m Added 'value' property ["P","a","s","s","w","o","r","d","2"] to 'setValue' request body
[debug] &amp#27;[35m[WD Proxy]&amp#27;[39m Proxying [POST /element/00000000-0000-0092-ffff-ffff000000a8/value] to [POST http://127.0.0.1:8202/wd/hub/session/4470d3a6-65bd-4159-9f53-0031658ab2ff/element/00000000-0000-0092-ffff-ffff000000a8/value] with body: {"elementId":"00000000-0000-0092-ffff-ffff000000a8","text":"Password2","replace":false,"value":["P","a","s","s","w","o","r","d","2"]}
[debug] &amp#27;[35m[WD Proxy]&amp#27;[39m Got response with status 200: {"sessionId":"4470d3a6-65bd-4159-9f53-0031658ab2ff","value":null}
[debug] &amp#27;[35m[W3C (7b0ab7fc)]&amp#27;[39m Responding to client with driver.setValue() result: null
&amp#27;[35m[HTTP]&amp#27;[39m &amp#27;[37m<-- POST /wd/hub/session/7b0ab7fc-3288-4552-afa9-6dcb8f2a5fe2/element/00000000-0000-0092-ffff-ffff000000a8/value &amp#27;[39m&amp#27;[32m200&amp#27;[39m &amp#27;[90m18 ms - 14&amp#27;[39m
&amp#27;[35m[HTTP]&amp#27;[39m &amp#27;[90m&amp#27;[39m
&amp#27;[35m[HTTP]&amp#27;[39m &amp#27;[37m-->&amp#27;[39m &amp#27;[37mGET&amp#27;[39m &amp#27;[37m/wd/hub/session/7b0ab7fc-3288-4552-afa9-6dcb8f2a5fe2/context&amp#27;[39m
&amp#27;[35m[HTTP]&amp#27;[39m &amp#27;[90m{}&amp#27;[39m
[debug] &amp#27;[35m[W3C (7b0ab7fc)]&amp#27;[39m Calling AppiumDriver.getCurrentContext() with args: ["7b0ab7fc-3288-4552-afa9-6dcb8f2a5fe2"]
[debug] &amp#27;[35m[W3C (7b0ab7fc)]&amp#27;[39m Responding to client with driver.getCurrentContext() result: "NATIVE_APP"
&amp#27;[35m[HTTP]&amp#27;[39m &amp#27;[37m<-- GET /wd/hub/session/7b0ab7fc-3288-4552-afa9-6dcb8f2a5fe2/context &amp#27;[39m&amp#27;[32m200&amp#27;[39m &amp#27;[90m1 ms - 22&amp#27;[39m
&amp#27;[35m[HTTP]&amp#27;[39m &amp#27;[90m&amp#27;[39m
&amp#27;[35m[HTTP]&amp#27;[39m &amp#27;[37m-->&amp#27;[39m &amp#27;[37mPOST&amp#27;[39m &amp#27;[37m/wd/hub/session/7b0ab7fc-3288-4552-afa9-6dcb8f2a5fe2/element&amp#27;[39m
&amp#27;[35m[HTTP]&amp#27;[39m &amp#27;[90m{"using":"id","value":"android:id/button1"}&amp#27;[39m
[debug] &amp#27;[35m[W3C (7b0ab7fc)]&amp#27;[39m Calling AppiumDriver.findElement() with args: ["id","android:id/button1","7b0ab7fc-3288-4552-afa9-6dcb8f2a5fe2"]
[debug] &amp#27;[35m[BaseDriver]&amp#27;[39m Valid locator strategies for this request: xpath, id, class name, accessibility id, css selector, -android uiautomator
[debug] &amp#27;[35m[BaseDriver]&amp#27;[39m Waiting up to 6000 ms for condition
[debug] &amp#27;[35m[WD Proxy]&amp#27;[39m Matched '/element' to command name 'findElement'
[debug] &amp#27;[35m[WD Proxy]&amp#27;[39m Proxying [POST /element] to [POST http://127.0.0.1:8202/wd/hub/session/4470d3a6-65bd-4159-9f53-0031658ab2ff/element] with body: {"strategy":"id","selector":"android:id/button1","context":"","multiple":false}
[debug] &amp#27;[35m[WD Proxy]&amp#27;[39m Got response with status 200: {"sessionId":"4470d3a6-65bd-4159-9f53-0031658ab2ff","value":{"ELEMENT":"00000000-0000-0092-ffff-ffff000000ae","element-6066-11e4-a52e-4f735466cecf":"00000000-0000-0092-ffff-ffff000000ae"}}
[debug] &amp#27;[35m[W3C (7b0ab7fc)]&amp#27;[39m Responding to client with driver.findElement() result: {"element-6066-11e4-a52e-4f735466cecf":"00000000-0000-0092-ffff-ffff000000ae","ELEMENT":"00000000-0000-0092-ffff-ffff000000ae"}
&amp#27;[35m[HTTP]&amp#27;[39m &amp#27;[37m<-- POST /wd/hub/session/7b0ab7fc-3288-4552-afa9-6dcb8f2a5fe2/element &amp#27;[39m&amp#27;[32m200&amp#27;[39m &amp#27;[90m491 ms - 137&amp#27;[39m
&amp#27;[35m[HTTP]&amp#27;[39m &amp#27;[90m&amp#27;[39m
&amp#27;[35m[HTTP]&amp#27;[39m &amp#27;[37m-->&amp#27;[39m &amp#27;[37mPOST&amp#27;[39m &amp#27;[37m/wd/hub/session/7b0ab7fc-3288-4552-afa9-6dcb8f2a5fe2/element/00000000-0000-0092-ffff-ffff000000ae/click&amp#27;[39m
&amp#27;[35m[HTTP]&amp#27;[39m &amp#27;[90m{"id":"00000000-0000-0092-ffff-ffff000000ae"}&amp#27;[39m
[debug] &amp#27;[35m[W3C (7b0ab7fc)]&amp#27;[39m Calling AppiumDriver.click() with args: ["00000000-0000-0092-ffff-ffff000000ae","7b0ab7fc-3288-4552-afa9-6dcb8f2a5fe2"]
[debug] &amp#27;[35m[WD Proxy]&amp#27;[39m Matched '/element/00000000-0000-0092-ffff-ffff000000ae/click' to command name 'click'
[debug] &amp#27;[35m[WD Proxy]&amp#27;[39m Proxying [POST /element/00000000-0000-0092-ffff-ffff000000ae/click] to [POST http://127.0.0.1:8202/wd/hub/session/4470d3a6-65bd-4159-9f53-0031658ab2ff/element/00000000-0000-0092-ffff-ffff000000ae/click] with body: {"element":"00000000-0000-0092-ffff-ffff000000ae"}
[debug] &amp#27;[35m[WD Proxy]&amp#27;[39m Got response with status 200: {"sessionId":"4470d3a6-65bd-4159-9f53-0031658ab2ff","value":null}
[debug] &amp#27;[35m[W3C (7b0ab7fc)]&amp#27;[39m Responding to client with driver.click() result: null
&amp#27;[35m[HTTP]&amp#27;[39m &amp#27;[37m<-- POST /wd/hub/session/7b0ab7fc-3288-4552-afa9-6dcb8f2a5fe2/element/00000000-0000-0092-ffff-ffff000000ae/click &amp#27;[39m&amp#27;[32m200&amp#27;[39m &amp#27;[90m31 ms - 14&amp#27;[39m
&amp#27;[35m[HTTP]&amp#27;[39m &amp#27;[90m&amp#27;[39m
]]></system-out>
    <system-err><![CDATA[Jan 07, 2022 6:21:59 PM io.appium.java_client.remote.AppiumCommandExecutor$1 lambda$0
INFO: Detected dialect: W3C
]]></system-err>
  </testcase>
</testsuite>