<?xml version="1.0" encoding="UTF-8"?>
<testng-results ignored="0" total="3" passed="3" failed="0" skipped="0">
  <reporter-output>
  </reporter-output>
  <suite started-at="2022-01-07T17:57:19 IST" name="Suite" finished-at="2022-01-07T17:59:46 IST" duration-ms="147607">
    <groups>
    </groups>
    <test started-at="2022-01-07T17:57:19 IST" name="Framework Test" finished-at="2022-01-07T17:59:46 IST" duration-ms="147607">
      <class name="appiumframework.fameworkdev.SumOfProducts">
        <test-method is-config="true" signature="killServer()[pri:0, instance:appiumframework.fameworkdev.SumOfProducts@4a883b15]" started-at="2022-01-07T17:57:19 IST" name="killServer" finished-at="2022-01-07T17:57:22 IST" duration-ms="3017" status="PASS">
          <reporter-output>
          </reporter-output>
        </test-method> <!-- killServer -->
        <test-method signature="totalValidation(java.lang.String)[pri:0, instance:appiumframework.fameworkdev.SumOfProducts@4a883b15]" started-at="2022-01-07T17:57:22 IST" name="totalValidation" finished-at="2022-01-07T17:58:28 IST" duration-ms="66177" status="PASS">
          <params>
            <param index="0">
              <value>
                <![CDATA[Shoes]]>
              </value>
            </param>
          </params>
          <reporter-output>
          </reporter-output>
        </test-method> <!-- totalValidation -->
      </class> <!-- appiumframework.fameworkdev.SumOfProducts -->
      <class name="appiumframework.fameworkdev.SetDate">
        <test-method signature="timeSetting(java.lang.String)[pri:0, instance:appiumframework.fameworkdev.SetDate@229c6181]" started-at="2022-01-07T17:58:28 IST" name="timeSetting" data-provider="getData" finished-at="2022-01-07T17:59:07 IST" duration-ms="39206" status="PASS">
          <params>
            <param index="0">
              <value>
                <![CDATA[Password1]]>
              </value>
            </param>
          </params>
          <reporter-output>
          </reporter-output>
        </test-method> <!-- timeSetting -->
        <test-method signature="timeSetting(java.lang.String)[pri:0, instance:appiumframework.fameworkdev.SetDate@229c6181]" started-at="2022-01-07T17:59:07 IST" name="timeSetting" data-provider="getData" finished-at="2022-01-07T17:59:46 IST" duration-ms="39186" status="PASS">
          <params>
            <param index="0">
              <value>
                <![CDATA[Password2]]>
              </value>
            </param>
          </params>
          <reporter-output>
          </reporter-output>
        </test-method> <!-- timeSetting -->
      </class> <!-- appiumframework.fameworkdev.SetDate -->
    </test> <!-- Framework Test -->
  </suite> <!-- Suite -->
</testng-results>
